<?xml version="1.0" encoding="UTF-8"?>
<robot generator="Robot 6.0.2 (Python 3.10.6 on linux)" generated="20230613 09:21:38.556" rpa="false" schemaversion="3">
<suite id="s1" name="Project1" source="/home/johanan/Desktop/besquare_2023/besquare_2023/Project1/project1.robot">
<test id="s1-t1" name="TC01" line="16">
<kw name="Open Browser" library="SeleniumLibrary">
<arg>https://app.deriv.com</arg>
<arg>chrome</arg>
<doc>Opens a new browser instance to the optional ``url``.</doc>
<msg timestamp="20230613 09:21:38.697" level="INFO">Opening browser 'chrome' to base url 'https://app.deriv.com'.</msg>
<status status="PASS" starttime="20230613 09:21:38.696" endtime="20230613 09:21:42.764"/>
</kw>
<kw name="Maximize Browser Window" library="SeleniumLibrary">
<doc>Maximizes current browser window.</doc>
<status status="PASS" starttime="20230613 09:21:42.765" endtime="20230613 09:21:42.870"/>
</kw>
<kw name="Wait Until Page Contains Element" library="SeleniumLibrary">
<arg>dt_login_button</arg>
<arg>10</arg>
<doc>Waits until the element ``locator`` appears on the current page.</doc>
<status status="PASS" starttime="20230613 09:21:42.870" endtime="20230613 09:21:42.886"/>
</kw>
<kw name="Click Element" library="SeleniumLibrary">
<arg>dt_login_button</arg>
<doc>Click the element identified by ``locator``.</doc>
<msg timestamp="20230613 09:21:42.888" level="INFO">Clicking element 'dt_login_button'.</msg>
<status status="PASS" starttime="20230613 09:21:42.887" endtime="20230613 09:21:45.252"/>
</kw>
<kw name="Wait Until Page Contains Element" library="SeleniumLibrary">
<arg>txtEmail</arg>
<arg>10</arg>
<doc>Waits until the element ``locator`` appears on the current page.</doc>
<status status="PASS" starttime="20230613 09:21:45.252" endtime="20230613 09:21:45.263"/>
</kw>
<kw name="Input Text" library="SeleniumLibrary">
<arg>txtEmail</arg>
<arg>johanan@besquare.com.my</arg>
<doc>Types the given ``text`` into the text field identified by ``locator``.</doc>
<msg timestamp="20230613 09:21:45.265" level="INFO">Typing text 'johanan@besquare.com.my' into text field 'txtEmail'.</msg>
<status status="PASS" starttime="20230613 09:21:45.264" endtime="20230613 09:21:45.334"/>
</kw>
<kw name="Input Password" library="SeleniumLibrary">
<arg>txtPass</arg>
<arg>Hello12345...</arg>
<doc>Types the given password into the text field identified by ``locator``.</doc>
<msg timestamp="20230613 09:21:45.334" level="INFO">Typing password into text field 'txtPass'.</msg>
<msg timestamp="20230613 09:21:45.363" level="INFO">Temporally setting log level to: NONE</msg>
<msg timestamp="20230613 09:21:45.390" level="INFO">Log level changed from NONE to INFO.</msg>
<status status="PASS" starttime="20230613 09:21:45.334" endtime="20230613 09:21:45.390"/>
</kw>
<kw name="Click Element" library="SeleniumLibrary">
<arg>//button[@name="login"]</arg>
<doc>Click the element identified by ``locator``.</doc>
<msg timestamp="20230613 09:21:45.390" level="INFO">Clicking element '//button[@name="login"]'.</msg>
<status status="PASS" starttime="20230613 09:21:45.390" endtime="20230613 09:21:49.725"/>
</kw>
<kw name="Wait Until Element Is Visible" library="SeleniumLibrary">
<arg>${account}</arg>
<arg>10</arg>
<doc>Waits until the element ``locator`` is visible.</doc>
<status status="PASS" starttime="20230613 09:21:49.725" endtime="20230613 09:21:49.755"/>
</kw>
<kw name="Click Element" library="SeleniumLibrary">
<arg>${account}</arg>
<doc>Click the element identified by ``locator``.</doc>
<msg timestamp="20230613 09:21:49.756" level="INFO">Clicking element '//a[@class="trading-hub-header__setting"]'.</msg>
<status status="PASS" starttime="20230613 09:21:49.755" endtime="20230613 09:21:49.859"/>
</kw>
<kw name="Wait Until Element Is Visible" library="SeleniumLibrary">
<arg>${api_token}</arg>
<arg>10</arg>
<doc>Waits until the element ``locator`` is visible.</doc>
<status status="PASS" starttime="20230613 09:21:49.860" endtime="20230613 09:21:51.050"/>
</kw>
<kw name="Click Element" library="SeleniumLibrary">
<arg>${api_token}</arg>
<doc>Click the element identified by ``locator``.</doc>
<msg timestamp="20230613 09:21:51.051" level="INFO">Clicking element '//a[@href="/account/api-token"]'.</msg>
<status status="PASS" starttime="20230613 09:21:51.050" endtime="20230613 09:21:51.146"/>
</kw>
<kw name="Wait Until Element Is Visible" library="SeleniumLibrary">
<arg>${read_checkbox}</arg>
<arg>10</arg>
<doc>Waits until the element ``locator`` is visible.</doc>
<status status="PASS" starttime="20230613 09:21:51.147" endtime="20230613 09:21:51.592"/>
</kw>
<kw name="Click Element" library="SeleniumLibrary">
<arg>${read_checkbox}</arg>
<doc>Click the element identified by ``locator``.</doc>
<msg timestamp="20230613 09:21:51.592" level="INFO">Clicking element '//*[@name="read"]//parent::label'.</msg>
<status status="PASS" starttime="20230613 09:21:51.592" endtime="20230613 09:21:51.650"/>
</kw>
<kw name="Wait Until Element Is Visible" library="SeleniumLibrary">
<arg>${token_input}</arg>
<arg>10</arg>
<doc>Waits until the element ``locator`` is visible.</doc>
<status status="PASS" starttime="20230613 09:21:51.650" endtime="20230613 09:21:51.675"/>
</kw>
<kw name="Click Element" library="SeleniumLibrary">
<arg>${token_input}</arg>
<doc>Click the element identified by ``locator``.</doc>
<msg timestamp="20230613 09:21:51.676" level="INFO">Clicking element '//*[@name="token_name"]'.</msg>
<status status="PASS" starttime="20230613 09:21:51.676" endtime="20230613 09:21:51.721"/>
</kw>
<kw name="Input Text" library="SeleniumLibrary">
<arg>${token_input}</arg>
<arg>test123</arg>
<doc>Types the given ``text`` into the text field identified by ``locator``.</doc>
<msg timestamp="20230613 09:21:51.721" level="INFO">Typing text 'test123' into text field '//*[@name="token_name"]'.</msg>
<status status="PASS" starttime="20230613 09:21:51.721" endtime="20230613 09:21:51.893"/>
</kw>
<kw name="Wait Until Element Is Visible" library="SeleniumLibrary">
<arg>${create_btn}</arg>
<arg>10</arg>
<doc>Waits until the element ``locator`` is visible.</doc>
<status status="PASS" starttime="20230613 09:21:51.893" endtime="20230613 09:21:51.925"/>
</kw>
<kw name="Click Element" library="SeleniumLibrary">
<arg>${create_btn}</arg>
<doc>Click the element identified by ``locator``.</doc>
<msg timestamp="20230613 09:21:51.925" level="INFO">Clicking element '//button[@class="dc-btn dc-btn__effect dc-btn--primary dc-btn__large dc-btn__button-group da-api-token__button"]'.</msg>
<status status="PASS" starttime="20230613 09:21:51.925" endtime="20230613 09:21:51.991"/>
</kw>
<kw name="Sleep" library="BuiltIn">
<arg>20</arg>
<doc>Pauses the test executed for the given time.</doc>
<msg timestamp="20230613 09:22:11.992" level="INFO">Slept 20 seconds</msg>
<status status="PASS" starttime="20230613 09:21:51.991" endtime="20230613 09:22:11.992"/>
</kw>
<status status="PASS" starttime="20230613 09:21:38.696" endtime="20230613 09:22:11.993"/>
</test>
<test id="s1-t2" name="TC02" line="40">
<kw name="Open Browser" library="SeleniumLibrary">
<arg>https://app.deriv.com</arg>
<arg>chrome</arg>
<doc>Opens a new browser instance to the optional ``url``.</doc>
<msg timestamp="20230613 09:22:11.995" level="INFO">Opening browser 'chrome' to base url 'https://app.deriv.com'.</msg>
<status status="PASS" starttime="20230613 09:22:11.994" endtime="20230613 09:22:19.120"/>
</kw>
<kw name="Maximize Browser Window" library="SeleniumLibrary">
<doc>Maximizes current browser window.</doc>
<status status="PASS" starttime="20230613 09:22:19.120" endtime="20230613 09:22:19.270"/>
</kw>
<kw name="Wait Until Page Contains Element" library="SeleniumLibrary">
<arg>dt_login_button</arg>
<arg>10</arg>
<doc>Waits until the element ``locator`` appears on the current page.</doc>
<status status="PASS" starttime="20230613 09:22:19.270" endtime="20230613 09:22:19.307"/>
</kw>
<kw name="Click Element" library="SeleniumLibrary">
<arg>dt_login_button</arg>
<doc>Click the element identified by ``locator``.</doc>
<msg timestamp="20230613 09:22:19.308" level="INFO">Clicking element 'dt_login_button'.</msg>
<status status="PASS" starttime="20230613 09:22:19.307" endtime="20230613 09:22:22.146"/>
</kw>
<kw name="Wait Until Page Contains Element" library="SeleniumLibrary">
<arg>txtEmail</arg>
<arg>10</arg>
<doc>Waits until the element ``locator`` appears on the current page.</doc>
<status status="PASS" starttime="20230613 09:22:22.146" endtime="20230613 09:22:22.161"/>
</kw>
<kw name="Input Text" library="SeleniumLibrary">
<arg>txtEmail</arg>
<arg>johanan@besquare.com.my</arg>
<doc>Types the given ``text`` into the text field identified by ``locator``.</doc>
<msg timestamp="20230613 09:22:22.162" level="INFO">Typing text 'johanan@besquare.com.my' into text field 'txtEmail'.</msg>
<status status="PASS" starttime="20230613 09:22:22.162" endtime="20230613 09:22:22.251"/>
</kw>
<kw name="Input Password" library="SeleniumLibrary">
<arg>txtPass</arg>
<arg>Hello12345...</arg>
<doc>Types the given password into the text field identified by ``locator``.</doc>
<msg timestamp="20230613 09:22:22.252" level="INFO">Typing password into text field 'txtPass'.</msg>
<msg timestamp="20230613 09:22:22.284" level="INFO">Temporally setting log level to: NONE</msg>
<msg timestamp="20230613 09:22:22.315" level="INFO">Log level changed from NONE to INFO.</msg>
<status status="PASS" starttime="20230613 09:22:22.251" endtime="20230613 09:22:22.315"/>
</kw>
<kw name="Click Element" library="SeleniumLibrary">
<arg>//button[@name="login"]</arg>
<doc>Click the element identified by ``locator``.</doc>
<msg timestamp="20230613 09:22:22.315" level="INFO">Clicking element '//button[@name="login"]'.</msg>
<status status="PASS" starttime="20230613 09:22:22.315" endtime="20230613 09:22:26.714"/>
</kw>
<kw name="Wait Until Element Is Visible" library="SeleniumLibrary">
<arg>${account}</arg>
<arg>10</arg>
<doc>Waits until the element ``locator`` is visible.</doc>
<status status="PASS" starttime="20230613 09:22:26.714" endtime="20230613 09:22:26.746"/>
</kw>
<kw name="Click Element" library="SeleniumLibrary">
<arg>${account}</arg>
<doc>Click the element identified by ``locator``.</doc>
<msg timestamp="20230613 09:22:26.747" level="INFO">Clicking element '//a[@class="trading-hub-header__setting"]'.</msg>
<status status="PASS" starttime="20230613 09:22:26.746" endtime="20230613 09:22:26.841"/>
</kw>
<kw name="Wait Until Element Is Visible" library="SeleniumLibrary">
<arg>${api_token}</arg>
<arg>10</arg>
<doc>Waits until the element ``locator`` is visible.</doc>
<status status="PASS" starttime="20230613 09:22:26.841" endtime="20230613 09:22:29.104"/>
</kw>
<kw name="Click Element" library="SeleniumLibrary">
<arg>${api_token}</arg>
<doc>Click the element identified by ``locator``.</doc>
<msg timestamp="20230613 09:22:29.105" level="INFO">Clicking element '//a[@href="/account/api-token"]'.</msg>
<status status="PASS" starttime="20230613 09:22:29.104" endtime="20230613 09:22:29.182"/>
</kw>
<kw name="Wait Until Element Is Visible" library="SeleniumLibrary">
<arg>${read_checkbox}</arg>
<arg>10</arg>
<doc>Waits until the element ``locator`` is visible.</doc>
<status status="PASS" starttime="20230613 09:22:29.182" endtime="20230613 09:22:29.622"/>
</kw>
<kw name="Click Element" library="SeleniumLibrary">
<arg>${read_checkbox}</arg>
<doc>Click the element identified by ``locator``.</doc>
<msg timestamp="20230613 09:22:29.623" level="INFO">Clicking element '//*[@name="read"]//parent::label'.</msg>
<status status="PASS" starttime="20230613 09:22:29.622" endtime="20230613 09:22:29.680"/>
</kw>
<kw name="Wait Until Element Is Visible" library="SeleniumLibrary">
<arg>${token_input}</arg>
<arg>10</arg>
<doc>Waits until the element ``locator`` is visible.</doc>
<status status="PASS" starttime="20230613 09:22:29.680" endtime="20230613 09:22:29.702"/>
</kw>
<kw name="Click Element" library="SeleniumLibrary">
<arg>${token_input}</arg>
<doc>Click the element identified by ``locator``.</doc>
<msg timestamp="20230613 09:22:29.702" level="INFO">Clicking element '//*[@name="token_name"]'.</msg>
<status status="PASS" starttime="20230613 09:22:29.702" endtime="20230613 09:22:29.739"/>
</kw>
<kw name="Input Text" library="SeleniumLibrary">
<arg>${token_input}</arg>
<arg>test123</arg>
<doc>Types the given ``text`` into the text field identified by ``locator``.</doc>
<msg timestamp="20230613 09:22:29.740" level="INFO">Typing text 'test123' into text field '//*[@name="token_name"]'.</msg>
<status status="PASS" starttime="20230613 09:22:29.739" endtime="20230613 09:22:29.867"/>
</kw>
<kw name="Wait Until Element Is Visible" library="SeleniumLibrary">
<arg>${create_btn}</arg>
<arg>10</arg>
<doc>Waits until the element ``locator`` is visible.</doc>
<status status="PASS" starttime="20230613 09:22:29.867" endtime="20230613 09:22:29.887"/>
</kw>
<kw name="Click Element" library="SeleniumLibrary">
<arg>${read_checkbox}</arg>
<doc>Click the element identified by ``locator``.</doc>
<msg timestamp="20230613 09:22:29.888" level="INFO">Clicking element '//*[@name="read"]//parent::label'.</msg>
<status status="PASS" starttime="20230613 09:22:29.887" endtime="20230613 09:22:29.931"/>
</kw>
<kw name="Click Element" library="SeleniumLibrary">
<arg>${trade_checkbox}</arg>
<doc>Click the element identified by ``locator``.</doc>
<msg timestamp="20230613 09:22:29.931" level="INFO">Clicking element '//*[@name="trade"]//parent::label'.</msg>
<status status="PASS" starttime="20230613 09:22:29.931" endtime="20230613 09:22:29.972"/>
</kw>
<kw name="Click Element" library="SeleniumLibrary">
<arg>${payments_checkbox}</arg>
<doc>Click the element identified by ``locator``.</doc>
<msg timestamp="20230613 09:22:29.973" level="INFO">Clicking element '//*[@name="payments"]//parent::label'.</msg>
<status status="PASS" starttime="20230613 09:22:29.972" endtime="20230613 09:22:30.019"/>
</kw>
<kw name="Click Element" library="SeleniumLibrary">
<arg>${trading_information_checkbox}</arg>
<doc>Click the element identified by ``locator``.</doc>
<msg timestamp="20230613 09:22:30.020" level="INFO">Clicking element '//*[@name="trading_information"]//parent::label'.</msg>
<status status="PASS" starttime="20230613 09:22:30.019" endtime="20230613 09:22:30.878"/>
</kw>
<kw name="Click Element" library="SeleniumLibrary">
<arg>${admin_checkbox}</arg>
<doc>Click the element identified by ``locator``.</doc>
<msg timestamp="20230613 09:22:30.879" level="INFO">Clicking element '//*[@name="admin"]//parent::label'.</msg>
<status status="PASS" starttime="20230613 09:22:30.878" endtime="20230613 09:22:30.939"/>
</kw>
<kw name="Sleep" library="BuiltIn">
<arg>20</arg>
<doc>Pauses the test executed for the given time.</doc>
<msg timestamp="20230613 09:22:50.940" level="INFO">Slept 20 seconds</msg>
<status status="PASS" starttime="20230613 09:22:30.939" endtime="20230613 09:22:50.940"/>
</kw>
<status status="PASS" starttime="20230613 09:22:11.993" endtime="20230613 09:22:50.940"/>
</test>
<test id="s1-t3" name="TC_03: Create API Token by selecting TRADE access on the scopes" line="66">
<kw name="Open Browser" library="SeleniumLibrary">
<arg>https://app.deriv.com</arg>
<arg>chrome</arg>
<doc>Opens a new browser instance to the optional ``url``.</doc>
<msg timestamp="20230613 09:22:50.943" level="INFO">Opening browser 'chrome' to base url 'https://app.deriv.com'.</msg>
<status status="PASS" starttime="20230613 09:22:50.942" endtime="20230613 09:22:55.487"/>
</kw>
<kw name="Maximize Browser Window" library="SeleniumLibrary">
<doc>Maximizes current browser window.</doc>
<status status="PASS" starttime="20230613 09:22:55.487" endtime="20230613 09:22:55.630"/>
</kw>
<kw name="Wait Until Page Contains Element" library="SeleniumLibrary">
<arg>dt_login_button</arg>
<arg>10</arg>
<doc>Waits until the element ``locator`` appears on the current page.</doc>
<status status="PASS" starttime="20230613 09:22:55.631" endtime="20230613 09:22:55.851"/>
</kw>
<kw name="Click Element" library="SeleniumLibrary">
<arg>dt_login_button</arg>
<doc>Click the element identified by ``locator``.</doc>
<msg timestamp="20230613 09:22:55.852" level="INFO">Clicking element 'dt_login_button'.</msg>
<status status="PASS" starttime="20230613 09:22:55.851" endtime="20230613 09:22:58.084"/>
</kw>
<kw name="Wait Until Page Contains Element" library="SeleniumLibrary">
<arg>txtEmail</arg>
<arg>10</arg>
<doc>Waits until the element ``locator`` appears on the current page.</doc>
<status status="PASS" starttime="20230613 09:22:58.084" endtime="20230613 09:22:58.095"/>
</kw>
<kw name="Input Text" library="SeleniumLibrary">
<arg>txtEmail</arg>
<arg>amarnath@besquare.com.my</arg>
<doc>Types the given ``text`` into the text field identified by ``locator``.</doc>
<msg timestamp="20230613 09:22:58.095" level="INFO">Typing text 'amarnath@besquare.com.my' into text field 'txtEmail'.</msg>
<status status="PASS" starttime="20230613 09:22:58.095" endtime="20230613 09:22:58.171"/>
</kw>
<kw name="Input Password" library="SeleniumLibrary">
<arg>txtPass</arg>
<arg>Mikecool911</arg>
<doc>Types the given password into the text field identified by ``locator``.</doc>
<msg timestamp="20230613 09:22:58.172" level="INFO">Typing password into text field 'txtPass'.</msg>
<msg timestamp="20230613 09:22:58.202" level="INFO">Temporally setting log level to: NONE</msg>
<msg timestamp="20230613 09:22:58.232" level="INFO">Log level changed from NONE to INFO.</msg>
<status status="PASS" starttime="20230613 09:22:58.171" endtime="20230613 09:22:58.232"/>
</kw>
<kw name="Click Element" library="SeleniumLibrary">
<arg>//button[@name="login"]</arg>
<doc>Click the element identified by ``locator``.</doc>
<msg timestamp="20230613 09:22:58.232" level="INFO">Clicking element '//button[@name="login"]'.</msg>
<status status="PASS" starttime="20230613 09:22:58.232" endtime="20230613 09:23:02.197"/>
</kw>
<kw name="Wait Until Element Is Visible" library="SeleniumLibrary">
<arg>${account}</arg>
<arg>10</arg>
<doc>Waits until the element ``locator`` is visible.</doc>
<status status="PASS" starttime="20230613 09:23:02.198" endtime="20230613 09:23:02.223"/>
</kw>
<kw name="Click Element" library="SeleniumLibrary">
<arg>${account}</arg>
<doc>Click the element identified by ``locator``.</doc>
<msg timestamp="20230613 09:23:02.224" level="INFO">Clicking element '//a[@class="trading-hub-header__setting"]'.</msg>
<status status="PASS" starttime="20230613 09:23:02.223" endtime="20230613 09:23:02.319"/>
</kw>
<kw name="Wait Until Element Is Visible" library="SeleniumLibrary">
<arg>${api_token}</arg>
<arg>10</arg>
<doc>Waits until the element ``locator`` is visible.</doc>
<status status="PASS" starttime="20230613 09:23:02.319" endtime="20230613 09:23:04.457"/>
</kw>
<kw name="Click Element" library="SeleniumLibrary">
<arg>${api_token}</arg>
<doc>Click the element identified by ``locator``.</doc>
<msg timestamp="20230613 09:23:04.459" level="INFO">Clicking element '//a[@href="/account/api-token"]'.</msg>
<status status="PASS" starttime="20230613 09:23:04.458" endtime="20230613 09:23:04.544"/>
</kw>
<kw name="Wait Until Element Is Visible" library="SeleniumLibrary">
<arg>${trade_checkbox}</arg>
<arg>10</arg>
<doc>Waits until the element ``locator`` is visible.</doc>
<status status="PASS" starttime="20230613 09:23:04.545" endtime="20230613 09:23:05.055"/>
</kw>
<kw name="Click Element" library="SeleniumLibrary">
<arg>${trade_checkbox}</arg>
<doc>Click the element identified by ``locator``.</doc>
<msg timestamp="20230613 09:23:05.056" level="INFO">Clicking element '//*[@name="trade"]//parent::label'.</msg>
<status status="PASS" starttime="20230613 09:23:05.055" endtime="20230613 09:23:05.116"/>
</kw>
<kw name="Wait Until Element Is Visible" library="SeleniumLibrary">
<arg>${token_input}</arg>
<arg>10</arg>
<doc>Waits until the element ``locator`` is visible.</doc>
<status status="PASS" starttime="20230613 09:23:05.116" endtime="20230613 09:23:05.140"/>
</kw>
<kw name="Input Text" library="SeleniumLibrary">
<arg>${token_input}</arg>
<arg>test</arg>
<doc>Types the given ``text`` into the text field identified by ``locator``.</doc>
<msg timestamp="20230613 09:23:05.141" level="INFO">Typing text 'test' into text field '//*[@name="token_name"]'.</msg>
<status status="PASS" starttime="20230613 09:23:05.140" endtime="20230613 09:23:05.270"/>
</kw>
<kw name="Wait Until Element Is Visible" library="SeleniumLibrary">
<arg>${create_btn}</arg>
<arg>10</arg>
<doc>Waits until the element ``locator`` is visible.</doc>
<status status="PASS" starttime="20230613 09:23:05.270" endtime="20230613 09:23:05.289"/>
</kw>
<kw name="Click Element" library="SeleniumLibrary">
<arg>${create_btn}</arg>
<doc>Click the element identified by ``locator``.</doc>
<msg timestamp="20230613 09:23:05.290" level="INFO">Clicking element '//button[@class="dc-btn dc-btn__effect dc-btn--primary dc-btn__large dc-btn__button-group da-api-token__button"]'.</msg>
<status status="PASS" starttime="20230613 09:23:05.289" endtime="20230613 09:23:05.353"/>
</kw>
<kw name="Sleep" library="BuiltIn">
<arg>20</arg>
<doc>Pauses the test executed for the given time.</doc>
<msg timestamp="20230613 09:23:25.354" level="INFO">Slept 20 seconds</msg>
<status status="PASS" starttime="20230613 09:23:05.354" endtime="20230613 09:23:25.355"/>
</kw>
<status status="PASS" starttime="20230613 09:22:50.941" endtime="20230613 09:23:25.355"/>
</test>
<test id="s1-t4" name="TC_04: Create API Token by not selecting any access option on the scopes" line="87">
<kw name="Open Browser" library="SeleniumLibrary">
<arg>https://app.deriv.com</arg>
<arg>chrome</arg>
<doc>Opens a new browser instance to the optional ``url``.</doc>
<msg timestamp="20230613 09:23:25.358" level="INFO">Opening browser 'chrome' to base url 'https://app.deriv.com'.</msg>
<status status="PASS" starttime="20230613 09:23:25.357" endtime="20230613 09:23:29.249"/>
</kw>
<kw name="Maximize Browser Window" library="SeleniumLibrary">
<doc>Maximizes current browser window.</doc>
<status status="PASS" starttime="20230613 09:23:29.250" endtime="20230613 09:23:29.446"/>
</kw>
<kw name="Wait Until Page Contains Element" library="SeleniumLibrary">
<arg>dt_login_button</arg>
<arg>10</arg>
<doc>Waits until the element ``locator`` appears on the current page.</doc>
<status status="PASS" starttime="20230613 09:23:29.447" endtime="20230613 09:23:29.477"/>
</kw>
<kw name="Click Element" library="SeleniumLibrary">
<arg>dt_login_button</arg>
<doc>Click the element identified by ``locator``.</doc>
<msg timestamp="20230613 09:23:29.478" level="INFO">Clicking element 'dt_login_button'.</msg>
<status status="PASS" starttime="20230613 09:23:29.478" endtime="20230613 09:23:31.773"/>
</kw>
<kw name="Wait Until Page Contains Element" library="SeleniumLibrary">
<arg>txtEmail</arg>
<arg>10</arg>
<doc>Waits until the element ``locator`` appears on the current page.</doc>
<status status="PASS" starttime="20230613 09:23:31.773" endtime="20230613 09:23:31.785"/>
</kw>
<kw name="Input Text" library="SeleniumLibrary">
<arg>txtEmail</arg>
<arg>amarnath@besquare.com.my</arg>
<doc>Types the given ``text`` into the text field identified by ``locator``.</doc>
<msg timestamp="20230613 09:23:31.786" level="INFO">Typing text 'amarnath@besquare.com.my' into text field 'txtEmail'.</msg>
<status status="PASS" starttime="20230613 09:23:31.785" endtime="20230613 09:23:31.865"/>
</kw>
<kw name="Input Password" library="SeleniumLibrary">
<arg>txtPass</arg>
<arg>Mikecool911</arg>
<doc>Types the given password into the text field identified by ``locator``.</doc>
<msg timestamp="20230613 09:23:31.866" level="INFO">Typing password into text field 'txtPass'.</msg>
<msg timestamp="20230613 09:23:31.895" level="INFO">Temporally setting log level to: NONE</msg>
<msg timestamp="20230613 09:23:31.928" level="INFO">Log level changed from NONE to INFO.</msg>
<status status="PASS" starttime="20230613 09:23:31.865" endtime="20230613 09:23:31.928"/>
</kw>
<kw name="Click Element" library="SeleniumLibrary">
<arg>//button[@name="login"]</arg>
<doc>Click the element identified by ``locator``.</doc>
<msg timestamp="20230613 09:23:31.929" level="INFO">Clicking element '//button[@name="login"]'.</msg>
<status status="PASS" starttime="20230613 09:23:31.928" endtime="20230613 09:23:35.177"/>
</kw>
<kw name="Wait Until Element Is Visible" library="SeleniumLibrary">
<arg>${account}</arg>
<arg>10</arg>
<doc>Waits until the element ``locator`` is visible.</doc>
<status status="PASS" starttime="20230613 09:23:35.178" endtime="20230613 09:23:35.197"/>
</kw>
<kw name="Click Element" library="SeleniumLibrary">
<arg>${account}</arg>
<doc>Click the element identified by ``locator``.</doc>
<msg timestamp="20230613 09:23:35.199" level="INFO">Clicking element '//a[@class="trading-hub-header__setting"]'.</msg>
<status status="PASS" starttime="20230613 09:23:35.198" endtime="20230613 09:23:35.351"/>
</kw>
<kw name="Wait Until Element Is Visible" library="SeleniumLibrary">
<arg>${api_token}</arg>
<arg>10</arg>
<doc>Waits until the element ``locator`` is visible.</doc>
<status status="PASS" starttime="20230613 09:23:35.351" endtime="20230613 09:23:38.153"/>
</kw>
<kw name="Click Element" library="SeleniumLibrary">
<arg>${api_token}</arg>
<doc>Click the element identified by ``locator``.</doc>
<msg timestamp="20230613 09:23:38.154" level="INFO">Clicking element '//a[@href="/account/api-token"]'.</msg>
<status status="PASS" starttime="20230613 09:23:38.153" endtime="20230613 09:23:38.296"/>
</kw>
<kw name="Wait Until Element Is Visible" library="SeleniumLibrary">
<arg>${trade_checkbox}</arg>
<arg>10</arg>
<doc>Waits until the element ``locator`` is visible.</doc>
<status status="PASS" starttime="20230613 09:23:38.297" endtime="20230613 09:23:39.974"/>
</kw>
<kw name="Wait Until Element Is Visible" library="SeleniumLibrary">
<arg>${token_input}</arg>
<arg>10</arg>
<doc>Waits until the element ``locator`` is visible.</doc>
<status status="PASS" starttime="20230613 09:23:39.974" endtime="20230613 09:23:39.999"/>
</kw>
<kw name="Input Text" library="SeleniumLibrary">
<arg>${token_input}</arg>
<arg>test</arg>
<doc>Types the given ``text`` into the text field identified by ``locator``.</doc>
<msg timestamp="20230613 09:23:39.999" level="INFO">Typing text 'test' into text field '//*[@name="token_name"]'.</msg>
<status status="PASS" starttime="20230613 09:23:39.999" endtime="20230613 09:23:40.195"/>
</kw>
<kw name="Element Should Be Disabled" library="SeleniumLibrary">
<arg>${create_btn}</arg>
<doc>Verifies that element identified by ``locator`` is disabled.</doc>
<status status="PASS" starttime="20230613 09:23:40.202" endtime="20230613 09:23:40.247"/>
</kw>
<kw name="Sleep" library="BuiltIn">
<arg>20</arg>
<doc>Pauses the test executed for the given time.</doc>
<msg timestamp="20230613 09:24:00.248" level="INFO">Slept 20 seconds</msg>
<status status="PASS" starttime="20230613 09:23:40.247" endtime="20230613 09:24:00.248"/>
</kw>
<status status="PASS" starttime="20230613 09:23:25.356" endtime="20230613 09:24:00.248"/>
</test>
<test id="s1-t5" name="TC_05: Create API Token by not selecting any access option on the scopes" line="106">
<kw name="Open Browser" library="SeleniumLibrary">
<arg>https://app.deriv.com</arg>
<arg>chrome</arg>
<doc>Opens a new browser instance to the optional ``url``.</doc>
<msg timestamp="20230613 09:24:00.250" level="INFO">Opening browser 'chrome' to base url 'https://app.deriv.com'.</msg>
<status status="PASS" starttime="20230613 09:24:00.250" endtime="20230613 09:24:04.073"/>
</kw>
<kw name="Maximize Browser Window" library="SeleniumLibrary">
<doc>Maximizes current browser window.</doc>
<status status="PASS" starttime="20230613 09:24:04.074" endtime="20230613 09:24:05.232"/>
</kw>
<kw name="Wait Until Page Contains Element" library="SeleniumLibrary">
<arg>dt_login_button</arg>
<arg>10</arg>
<doc>Waits until the element ``locator`` appears on the current page.</doc>
<status status="PASS" starttime="20230613 09:24:05.234" endtime="20230613 09:24:05.633"/>
</kw>
<kw name="Click Element" library="SeleniumLibrary">
<arg>dt_login_button</arg>
<doc>Click the element identified by ``locator``.</doc>
<msg timestamp="20230613 09:24:05.635" level="INFO">Clicking element 'dt_login_button'.</msg>
<status status="PASS" starttime="20230613 09:24:05.633" endtime="20230613 09:24:08.767"/>
</kw>
<kw name="Wait Until Page Contains Element" library="SeleniumLibrary">
<arg>txtEmail</arg>
<arg>10</arg>
<doc>Waits until the element ``locator`` appears on the current page.</doc>
<status status="PASS" starttime="20230613 09:24:08.770" endtime="20230613 09:24:08.806"/>
</kw>
<kw name="Input Text" library="SeleniumLibrary">
<arg>txtEmail</arg>
<arg>amarnath@besquare.com.my</arg>
<doc>Types the given ``text`` into the text field identified by ``locator``.</doc>
<msg timestamp="20230613 09:24:08.806" level="INFO">Typing text 'amarnath@besquare.com.my' into text field 'txtEmail'.</msg>
<status status="PASS" starttime="20230613 09:24:08.806" endtime="20230613 09:24:08.958"/>
</kw>
<kw name="Input Password" library="SeleniumLibrary">
<arg>txtPass</arg>
<arg>Mikecool911</arg>
<doc>Types the given password into the text field identified by ``locator``.</doc>
<msg timestamp="20230613 09:24:08.959" level="INFO">Typing password into text field 'txtPass'.</msg>
<msg timestamp="20230613 09:24:08.996" level="INFO">Temporally setting log level to: NONE</msg>
<msg timestamp="20230613 09:24:09.052" level="INFO">Log level changed from NONE to INFO.</msg>
<status status="PASS" starttime="20230613 09:24:08.959" endtime="20230613 09:24:09.052"/>
</kw>
<kw name="Click Element" library="SeleniumLibrary">
<arg>//button[@name="login"]</arg>
<doc>Click the element identified by ``locator``.</doc>
<msg timestamp="20230613 09:24:09.053" level="INFO">Clicking element '//button[@name="login"]'.</msg>
<status status="PASS" starttime="20230613 09:24:09.052" endtime="20230613 09:24:13.561"/>
</kw>
<kw name="Wait Until Element Is Visible" library="SeleniumLibrary">
<arg>${account}</arg>
<arg>10</arg>
<doc>Waits until the element ``locator`` is visible.</doc>
<status status="PASS" starttime="20230613 09:24:13.562" endtime="20230613 09:24:13.914"/>
</kw>
<kw name="Click Element" library="SeleniumLibrary">
<arg>${account}</arg>
<doc>Click the element identified by ``locator``.</doc>
<msg timestamp="20230613 09:24:13.916" level="INFO">Clicking element '//a[@class="trading-hub-header__setting"]'.</msg>
<status status="PASS" starttime="20230613 09:24:13.915" endtime="20230613 09:24:16.584"/>
</kw>
<kw name="Wait Until Element Is Visible" library="SeleniumLibrary">
<arg>${api_token}</arg>
<arg>10</arg>
<doc>Waits until the element ``locator`` is visible.</doc>
<status status="PASS" starttime="20230613 09:24:16.587" endtime="20230613 09:24:33.509"/>
</kw>
<kw name="Click Element" library="SeleniumLibrary">
<arg>${api_token}</arg>
<doc>Click the element identified by ``locator``.</doc>
<msg timestamp="20230613 09:24:33.511" level="INFO">Clicking element '//a[@href="/account/api-token"]'.</msg>
<status status="PASS" starttime="20230613 09:24:33.509" endtime="20230613 09:24:34.422"/>
</kw>
<kw name="Wait Until Element Is Visible" library="SeleniumLibrary">
<arg>${trade_checkbox}</arg>
<arg>10</arg>
<doc>Waits until the element ``locator`` is visible.</doc>
<status status="PASS" starttime="20230613 09:24:34.423" endtime="20230613 09:24:35.566"/>
</kw>
<kw name="Wait Until Element Is Visible" library="SeleniumLibrary">
<arg>${token_input}</arg>
<arg>10</arg>
<doc>Waits until the element ``locator`` is visible.</doc>
<status status="PASS" starttime="20230613 09:24:35.576" endtime="20230613 09:24:35.677"/>
</kw>
<kw name="Input Text" library="SeleniumLibrary">
<arg>${token_input}</arg>
<arg>123456789abcdefghijklmnopqrstuvwxyz</arg>
<doc>Types the given ``text`` into the text field identified by ``locator``.</doc>
<msg timestamp="20230613 09:24:35.677" level="INFO">Typing text '123456789abcdefghijklmnopqrstuvwxyz' into text field '//*[@name="token_name"]'.</msg>
<status status="PASS" starttime="20230613 09:24:35.677" endtime="20230613 09:24:40.024"/>
</kw>
<kw name="Element Should Be Disabled" library="SeleniumLibrary">
<arg>${create_btn}</arg>
<doc>Verifies that element identified by ``locator`` is disabled.</doc>
<status status="PASS" starttime="20230613 09:24:40.025" endtime="20230613 09:24:40.381"/>
</kw>
<kw name="Page Should Contain Element" library="SeleniumLibrary">
<arg>${error_msg}</arg>
<doc>Verifies that element ``locator`` is found on the current page.</doc>
<msg timestamp="20230613 09:24:40.431" level="INFO">Current page contains element '//div[@class="dc-field dc-field--error"]'.</msg>
<status status="PASS" starttime="20230613 09:24:40.383" endtime="20230613 09:24:40.431"/>
</kw>
<kw name="Sleep" library="BuiltIn">
<arg>20</arg>
<doc>Pauses the test executed for the given time.</doc>
<msg timestamp="20230613 09:25:00.436" level="INFO">Slept 20 seconds</msg>
<status status="PASS" starttime="20230613 09:24:40.433" endtime="20230613 09:25:00.439"/>
</kw>
<status status="PASS" starttime="20230613 09:24:00.249" endtime="20230613 09:25:00.439"/>
</test>
<doc>single test for login</doc>
<status status="PASS" starttime="20230613 09:21:38.557" endtime="20230613 09:25:00.448"/>
</suite>
<statistics>
<total>
<stat pass="5" fail="0" skip="0">All Tests</stat>
</total>
<tag>
</tag>
<suite>
<stat pass="5" fail="0" skip="0" id="s1" name="Project1">Project1</stat>
</suite>
</statistics>
<errors>
</errors>
</robot>
