<?xml version="1.0" encoding="UTF-8"?>
<robot generator="Robot 6.0.2 (Python 3.10.6 on linux)" generated="20230613 13:32:30.007" rpa="false" schemaversion="3">
<suite id="s1" name="TC02" source="/home/johanan/Desktop/besquare_2023/besquare_2023/Project2/TC02/TC02.robot">
<test id="s1-t1" name="TC02 Close Account by selecting up to 3 reasons and including a specific reason" line="17">
<kw name="Open Browser" library="SeleniumLibrary">
<arg>https://app.deriv.com</arg>
<arg>chrome</arg>
<doc>Opens a new browser instance to the optional ``url``.</doc>
<msg timestamp="20230613 13:32:30.090" level="INFO">Opening browser 'chrome' to base url 'https://app.deriv.com'.</msg>
<status status="PASS" starttime="20230613 13:32:30.090" endtime="20230613 13:32:32.489"/>
</kw>
<kw name="Maximize Browser Window" library="SeleniumLibrary">
<doc>Maximizes current browser window.</doc>
<status status="PASS" starttime="20230613 13:32:32.489" endtime="20230613 13:32:32.593"/>
</kw>
<kw name="Wait Until Page Contains Element" library="SeleniumLibrary">
<arg>dt_login_button</arg>
<arg>10</arg>
<doc>Waits until the element ``locator`` appears on the current page.</doc>
<status status="PASS" starttime="20230613 13:32:32.593" endtime="20230613 13:32:32.608"/>
</kw>
<kw name="Click Element" library="SeleniumLibrary">
<arg>dt_login_button</arg>
<doc>Click the element identified by ``locator``.</doc>
<msg timestamp="20230613 13:32:32.609" level="INFO">Clicking element 'dt_login_button'.</msg>
<status status="PASS" starttime="20230613 13:32:32.608" endtime="20230613 13:32:34.823"/>
</kw>
<kw name="Wait Until Page Contains Element" library="SeleniumLibrary">
<arg>txtEmail</arg>
<arg>10</arg>
<doc>Waits until the element ``locator`` appears on the current page.</doc>
<status status="PASS" starttime="20230613 13:32:34.823" endtime="20230613 13:32:34.838"/>
</kw>
<kw name="Input Text" library="SeleniumLibrary">
<arg>txtEmail</arg>
<arg>johanan@besquare.com.my</arg>
<doc>Types the given ``text`` into the text field identified by ``locator``.</doc>
<msg timestamp="20230613 13:32:34.839" level="INFO">Typing text 'johanan@besquare.com.my' into text field 'txtEmail'.</msg>
<status status="PASS" starttime="20230613 13:32:34.838" endtime="20230613 13:32:34.907"/>
</kw>
<kw name="Input Password" library="SeleniumLibrary">
<arg>txtPass</arg>
<arg>Hello12345...</arg>
<doc>Types the given password into the text field identified by ``locator``.</doc>
<msg timestamp="20230613 13:32:34.909" level="INFO">Typing password into text field 'txtPass'.</msg>
<msg timestamp="20230613 13:32:34.936" level="INFO">Temporally setting log level to: NONE</msg>
<msg timestamp="20230613 13:32:34.965" level="INFO">Log level changed from NONE to INFO.</msg>
<status status="PASS" starttime="20230613 13:32:34.908" endtime="20230613 13:32:34.965"/>
</kw>
<kw name="Click Element" library="SeleniumLibrary">
<arg>//button[@name="login"]</arg>
<doc>Click the element identified by ``locator``.</doc>
<msg timestamp="20230613 13:32:34.966" level="INFO">Clicking element '//button[@name="login"]'.</msg>
<status status="PASS" starttime="20230613 13:32:34.965" endtime="20230613 13:32:37.106"/>
</kw>
<kw name="Wait Until Element Is Visible" library="SeleniumLibrary">
<arg>${account}</arg>
<arg>10</arg>
<doc>Waits until the element ``locator`` is visible.</doc>
<status status="PASS" starttime="20230613 13:32:37.106" endtime="20230613 13:32:37.570"/>
</kw>
<kw name="Click Element" library="SeleniumLibrary">
<arg>${account}</arg>
<doc>Click the element identified by ``locator``.</doc>
<msg timestamp="20230613 13:32:37.571" level="INFO">Clicking element '//a[@class="trading-hub-header__setting"]'.</msg>
<status status="PASS" starttime="20230613 13:32:37.571" endtime="20230613 13:32:37.707"/>
</kw>
<kw name="Wait Until Element Is Visible" library="SeleniumLibrary">
<arg>${account_closing}</arg>
<arg>10</arg>
<doc>Waits until the element ``locator`` is visible.</doc>
<status status="PASS" starttime="20230613 13:32:37.707" endtime="20230613 13:32:38.474"/>
</kw>
<kw name="Click Element" library="SeleniumLibrary">
<arg>${account_closing}</arg>
<doc>Click the element identified by ``locator``.</doc>
<msg timestamp="20230613 13:32:38.475" level="INFO">Clicking element '//a[@href="/account/closing-account"]'.</msg>
<status status="PASS" starttime="20230613 13:32:38.474" endtime="20230613 13:32:38.587"/>
</kw>
<kw name="Wait Until Element Is Visible" library="SeleniumLibrary">
<arg>${close_btn}</arg>
<arg>10</arg>
<doc>Waits until the element ``locator`` is visible.</doc>
<status status="PASS" starttime="20230613 13:32:38.587" endtime="20230613 13:32:38.615"/>
</kw>
<kw name="Click Element" library="SeleniumLibrary">
<arg>${close_btn}</arg>
<doc>Click the element identified by ``locator``.</doc>
<msg timestamp="20230613 13:32:38.615" level="INFO">Clicking element '//button[@class="dc-btn dc-btn--primary dc-btn__large closing-account__button--close-account"]'.</msg>
<status status="PASS" starttime="20230613 13:32:38.615" endtime="20230613 13:32:38.668"/>
</kw>
<kw name="Wait Until Element Is Visible" library="SeleniumLibrary">
<arg>${checkbox_1}</arg>
<arg>10</arg>
<doc>Waits until the element ``locator`` is visible.</doc>
<status status="PASS" starttime="20230613 13:32:38.668" endtime="20230613 13:32:38.688"/>
</kw>
<kw name="Click Element" library="SeleniumLibrary">
<arg>${checkbox_1}</arg>
<doc>Click the element identified by ``locator``.</doc>
<msg timestamp="20230613 13:32:38.691" level="INFO">Clicking element '//*[@name="financial-priorities"]//parent::label'.</msg>
<status status="PASS" starttime="20230613 13:32:38.690" endtime="20230613 13:32:38.744"/>
</kw>
<kw name="Wait Until Element Is Visible" library="SeleniumLibrary">
<arg>${checkbox_2}</arg>
<arg>10</arg>
<doc>Waits until the element ``locator`` is visible.</doc>
<status status="PASS" starttime="20230613 13:32:38.744" endtime="20230613 13:32:38.760"/>
</kw>
<kw name="Click Element" library="SeleniumLibrary">
<arg>${checkbox_2}</arg>
<doc>Click the element identified by ``locator``.</doc>
<msg timestamp="20230613 13:32:38.762" level="INFO">Clicking element '//*[@name="not-user-friendly"]//parent::label'.</msg>
<status status="PASS" starttime="20230613 13:32:38.761" endtime="20230613 13:32:38.805"/>
</kw>
<kw name="Wait Until Element Is Visible" library="SeleniumLibrary">
<arg>${checkbox_3}</arg>
<arg>10</arg>
<doc>Waits until the element ``locator`` is visible.</doc>
<status status="PASS" starttime="20230613 13:32:38.806" endtime="20230613 13:32:38.829"/>
</kw>
<kw name="Click Element" library="SeleniumLibrary">
<arg>${checkbox_3}</arg>
<doc>Click the element identified by ``locator``.</doc>
<msg timestamp="20230613 13:32:38.829" level="INFO">Clicking element '//*[@name="lack-of-features"]//parent::label'.</msg>
<status status="PASS" starttime="20230613 13:32:38.829" endtime="20230613 13:32:38.887"/>
</kw>
<kw name="Wait Until Element Is Visible" library="SeleniumLibrary">
<arg>${continue_btn}</arg>
<arg>10</arg>
<doc>Waits until the element ``locator`` is visible.</doc>
<status status="PASS" starttime="20230613 13:32:38.887" endtime="20230613 13:32:38.912"/>
</kw>
<kw name="Click Element" library="SeleniumLibrary">
<arg>${continue_btn}</arg>
<doc>Click the element identified by ``locator``.</doc>
<msg timestamp="20230613 13:32:38.912" level="INFO">Clicking element '//button[@class="dc-btn dc-btn__effect dc-btn--primary dc-btn__large"]'.</msg>
<status status="PASS" starttime="20230613 13:32:38.912" endtime="20230613 13:32:38.994"/>
</kw>
<kw name="Page Should Contain Element" library="SeleniumLibrary">
<arg>${prompt_message}</arg>
<arg>10</arg>
<doc>Verifies that element ``locator`` is found on the current page.</doc>
<msg timestamp="20230613 13:32:39.011" level="INFO">Current page contains element '//span[@class="dc-text account-closure-warning-modal__warning-message"]'.</msg>
<status status="PASS" starttime="20230613 13:32:38.994" endtime="20230613 13:32:39.011"/>
</kw>
<kw name="Click Element" library="SeleniumLibrary">
<arg>${prompt_message}</arg>
<doc>Click the element identified by ``locator``.</doc>
<msg timestamp="20230613 13:32:39.012" level="INFO">Clicking element '//span[@class="dc-text account-closure-warning-modal__warning-message"]'.</msg>
<status status="PASS" starttime="20230613 13:32:39.012" endtime="20230613 13:32:39.281"/>
</kw>
<kw name="Sleep" library="BuiltIn">
<arg>20</arg>
<doc>Pauses the test executed for the given time.</doc>
<msg timestamp="20230613 13:32:59.281" level="INFO">Slept 20 seconds</msg>
<status status="PASS" starttime="20230613 13:32:39.281" endtime="20230613 13:32:59.282"/>
</kw>
<status status="PASS" starttime="20230613 13:32:30.089" endtime="20230613 13:32:59.282"/>
</test>
<doc>Close Account</doc>
<status status="PASS" starttime="20230613 13:32:30.007" endtime="20230613 13:32:59.283"/>
</suite>
<statistics>
<total>
<stat pass="1" fail="0" skip="0">All Tests</stat>
</total>
<tag>
</tag>
<suite>
<stat pass="1" fail="0" skip="0" id="s1" name="TC02">TC02</stat>
</suite>
</statistics>
<errors>
</errors>
</robot>
