<?xml version="1.0" encoding="UTF-8"?>
<robot generator="Robot 6.0.2 (Python 3.10.6 on linux)" generated="20230613 16:03:50.001" rpa="false" schemaversion="3">
<suite id="s1" name="TC06" source="/home/johanan/Desktop/besquare_2023/besquare_2023/Project2/TC06/TC06.robot">
<test id="s1-t1" name="TC06 User proceeds to close the account by confirming the prompt message by clicking on the “Close Account” button." line="17">
<kw name="Open Browser" library="SeleniumLibrary">
<arg>https://app.deriv.com</arg>
<arg>chrome</arg>
<doc>Opens a new browser instance to the optional ``url``.</doc>
<msg timestamp="20230613 16:03:50.084" level="INFO">Opening browser 'chrome' to base url 'https://app.deriv.com'.</msg>
<status status="PASS" starttime="20230613 16:03:50.084" endtime="20230613 16:03:52.801"/>
</kw>
<kw name="Maximize Browser Window" library="SeleniumLibrary">
<doc>Maximizes current browser window.</doc>
<status status="PASS" starttime="20230613 16:03:52.801" endtime="20230613 16:03:52.907"/>
</kw>
<kw name="Wait Until Page Contains Element" library="SeleniumLibrary">
<arg>dt_login_button</arg>
<arg>10</arg>
<doc>Waits until the element ``locator`` appears on the current page.</doc>
<status status="PASS" starttime="20230613 16:03:52.907" endtime="20230613 16:03:52.924"/>
</kw>
<kw name="Click Element" library="SeleniumLibrary">
<arg>dt_login_button</arg>
<doc>Click the element identified by ``locator``.</doc>
<msg timestamp="20230613 16:03:52.925" level="INFO">Clicking element 'dt_login_button'.</msg>
<status status="PASS" starttime="20230613 16:03:52.924" endtime="20230613 16:03:55.425"/>
</kw>
<kw name="Wait Until Page Contains Element" library="SeleniumLibrary">
<arg>txtEmail</arg>
<arg>10</arg>
<doc>Waits until the element ``locator`` appears on the current page.</doc>
<status status="PASS" starttime="20230613 16:03:55.425" endtime="20230613 16:03:55.448"/>
</kw>
<kw name="Input Text" library="SeleniumLibrary">
<arg>txtEmail</arg>
<arg>johanan@besquare.com.my</arg>
<doc>Types the given ``text`` into the text field identified by ``locator``.</doc>
<msg timestamp="20230613 16:03:55.449" level="INFO">Typing text 'johanan@besquare.com.my' into text field 'txtEmail'.</msg>
<status status="PASS" starttime="20230613 16:03:55.448" endtime="20230613 16:03:55.524"/>
</kw>
<kw name="Input Password" library="SeleniumLibrary">
<arg>txtPass</arg>
<arg>Hello12345...</arg>
<doc>Types the given password into the text field identified by ``locator``.</doc>
<msg timestamp="20230613 16:03:55.525" level="INFO">Typing password into text field 'txtPass'.</msg>
<msg timestamp="20230613 16:03:55.552" level="INFO">Temporally setting log level to: NONE</msg>
<msg timestamp="20230613 16:03:55.582" level="INFO">Log level changed from NONE to INFO.</msg>
<status status="PASS" starttime="20230613 16:03:55.525" endtime="20230613 16:03:55.582"/>
</kw>
<kw name="Click Element" library="SeleniumLibrary">
<arg>//button[@name="login"]</arg>
<doc>Click the element identified by ``locator``.</doc>
<msg timestamp="20230613 16:03:55.583" level="INFO">Clicking element '//button[@name="login"]'.</msg>
<status status="PASS" starttime="20230613 16:03:55.582" endtime="20230613 16:03:58.359"/>
</kw>
<kw name="Wait Until Element Is Visible" library="SeleniumLibrary">
<arg>${account}</arg>
<arg>10</arg>
<doc>Waits until the element ``locator`` is visible.</doc>
<status status="PASS" starttime="20230613 16:03:58.360" endtime="20230613 16:03:58.393"/>
</kw>
<kw name="Click Element" library="SeleniumLibrary">
<arg>${account}</arg>
<doc>Click the element identified by ``locator``.</doc>
<msg timestamp="20230613 16:03:58.394" level="INFO">Clicking element '//a[@class="trading-hub-header__setting"]'.</msg>
<status status="PASS" starttime="20230613 16:03:58.393" endtime="20230613 16:03:58.492"/>
</kw>
<kw name="Wait Until Element Is Visible" library="SeleniumLibrary">
<arg>${account_closing}</arg>
<arg>10</arg>
<doc>Waits until the element ``locator`` is visible.</doc>
<status status="PASS" starttime="20230613 16:03:58.493" endtime="20230613 16:04:00.008"/>
</kw>
<kw name="Click Element" library="SeleniumLibrary">
<arg>${account_closing}</arg>
<doc>Click the element identified by ``locator``.</doc>
<msg timestamp="20230613 16:04:00.009" level="INFO">Clicking element '//a[@href="/account/closing-account"]'.</msg>
<status status="PASS" starttime="20230613 16:04:00.009" endtime="20230613 16:04:00.112"/>
</kw>
<kw name="Wait Until Element Is Visible" library="SeleniumLibrary">
<arg>${close_btn}</arg>
<arg>10</arg>
<doc>Waits until the element ``locator`` is visible.</doc>
<status status="PASS" starttime="20230613 16:04:00.112" endtime="20230613 16:04:00.140"/>
</kw>
<kw name="Click Element" library="SeleniumLibrary">
<arg>${close_btn}</arg>
<doc>Click the element identified by ``locator``.</doc>
<msg timestamp="20230613 16:04:00.141" level="INFO">Clicking element '//button[@class="dc-btn dc-btn--primary dc-btn__large closing-account__button--close-account"]'.</msg>
<status status="PASS" starttime="20230613 16:04:00.141" endtime="20230613 16:04:00.190"/>
</kw>
<kw name="Wait Until Element Is Visible" library="SeleniumLibrary">
<arg>${checkbox_4}</arg>
<arg>10</arg>
<doc>Waits until the element ``locator`` is visible.</doc>
<status status="PASS" starttime="20230613 16:04:00.190" endtime="20230613 16:04:00.209"/>
</kw>
<kw name="Click Element" library="SeleniumLibrary">
<arg>${checkbox_4}</arg>
<doc>Click the element identified by ``locator``.</doc>
<msg timestamp="20230613 16:04:00.210" level="INFO">Clicking element '//*[@name="unsatisfactory-service"]//parent::label'.</msg>
<status status="PASS" starttime="20230613 16:04:00.210" endtime="20230613 16:04:00.259"/>
</kw>
<kw name="Wait Until Element Is Visible" library="SeleniumLibrary">
<arg>${checkbox_1}</arg>
<arg>10</arg>
<doc>Waits until the element ``locator`` is visible.</doc>
<status status="PASS" starttime="20230613 16:04:00.259" endtime="20230613 16:04:00.277"/>
</kw>
<kw name="Click Element" library="SeleniumLibrary">
<arg>${checkbox_1}</arg>
<doc>Click the element identified by ``locator``.</doc>
<msg timestamp="20230613 16:04:00.278" level="INFO">Clicking element '//*[@name="financial-priorities"]//parent::label'.</msg>
<status status="PASS" starttime="20230613 16:04:00.277" endtime="20230613 16:04:00.333"/>
</kw>
<kw name="Wait Until Element Is Visible" library="SeleniumLibrary">
<arg>${checkbox_2}</arg>
<arg>10</arg>
<doc>Waits until the element ``locator`` is visible.</doc>
<status status="PASS" starttime="20230613 16:04:00.333" endtime="20230613 16:04:00.358"/>
</kw>
<kw name="Click Element" library="SeleniumLibrary">
<arg>${checkbox_2}</arg>
<doc>Click the element identified by ``locator``.</doc>
<msg timestamp="20230613 16:04:00.360" level="INFO">Clicking element '//*[@name="not-user-friendly"]//parent::label'.</msg>
<status status="PASS" starttime="20230613 16:04:00.359" endtime="20230613 16:04:00.450"/>
</kw>
<kw name="Wait Until Element Is Visible" library="SeleniumLibrary">
<arg>${continue_btn}</arg>
<arg>10</arg>
<doc>Waits until the element ``locator`` is visible.</doc>
<status status="PASS" starttime="20230613 16:04:00.451" endtime="20230613 16:04:00.477"/>
</kw>
<kw name="Click Element" library="SeleniumLibrary">
<arg>${continue_btn}</arg>
<doc>Click the element identified by ``locator``.</doc>
<msg timestamp="20230613 16:04:00.477" level="INFO">Clicking element '//button[@class="dc-btn dc-btn__effect dc-btn--primary dc-btn__large"]'.</msg>
<status status="PASS" starttime="20230613 16:04:00.477" endtime="20230613 16:04:00.559"/>
</kw>
<kw name="Page Should Contain Element" library="SeleniumLibrary">
<arg>${prompt_message}</arg>
<arg>10</arg>
<doc>Verifies that element ``locator`` is found on the current page.</doc>
<msg timestamp="20230613 16:04:00.573" level="INFO">Current page contains element '//span[@class="dc-text account-closure-warning-modal__warning-message"]'.</msg>
<status status="PASS" starttime="20230613 16:04:00.559" endtime="20230613 16:04:00.573"/>
</kw>
<kw name="Click Element" library="SeleniumLibrary">
<arg>${prompt_message}</arg>
<doc>Click the element identified by ``locator``.</doc>
<msg timestamp="20230613 16:04:00.574" level="INFO">Clicking element '//span[@class="dc-text account-closure-warning-modal__warning-message"]'.</msg>
<status status="PASS" starttime="20230613 16:04:00.574" endtime="20230613 16:04:00.844"/>
</kw>
<kw name="Sleep" library="BuiltIn">
<arg>20</arg>
<doc>Pauses the test executed for the given time.</doc>
<msg timestamp="20230613 16:04:20.844" level="INFO">Slept 20 seconds</msg>
<status status="PASS" starttime="20230613 16:04:00.844" endtime="20230613 16:04:20.844"/>
</kw>
<status status="PASS" starttime="20230613 16:03:50.083" endtime="20230613 16:04:20.845"/>
</test>
<doc>Close Account</doc>
<status status="PASS" starttime="20230613 16:03:50.001" endtime="20230613 16:04:20.846"/>
</suite>
<statistics>
<total>
<stat pass="1" fail="0" skip="0">All Tests</stat>
</total>
<tag>
</tag>
<suite>
<stat pass="1" fail="0" skip="0" id="s1" name="TC06">TC06</stat>
</suite>
</statistics>
<errors>
</errors>
</robot>
