<?xml version="1.0" encoding="UTF-8"?>
<robot generator="Robot 6.0.2 (Python 3.10.6 on linux)" generated="20230613 14:49:41.563" rpa="false" schemaversion="3">
<suite id="s1" name="TC05" source="/home/johanan/Desktop/besquare_2023/besquare_2023/Project2/TC05/TC05.robot">
<test id="s1-t1" name="TC05 User clicking the “Go Back” button and proceeds to edit the information on adding more reasons" line="20">
<kw name="Open Browser" library="SeleniumLibrary">
<arg>https://app.deriv.com</arg>
<arg>chrome</arg>
<doc>Opens a new browser instance to the optional ``url``.</doc>
<msg timestamp="20230613 14:49:41.647" level="INFO">Opening browser 'chrome' to base url 'https://app.deriv.com'.</msg>
<status status="PASS" starttime="20230613 14:49:41.647" endtime="20230613 14:49:45.798"/>
</kw>
<kw name="Maximize Browser Window" library="SeleniumLibrary">
<doc>Maximizes current browser window.</doc>
<status status="PASS" starttime="20230613 14:49:45.798" endtime="20230613 14:49:45.907"/>
</kw>
<kw name="Wait Until Page Contains Element" library="SeleniumLibrary">
<arg>dt_login_button</arg>
<arg>10</arg>
<doc>Waits until the element ``locator`` appears on the current page.</doc>
<status status="PASS" starttime="20230613 14:49:45.907" endtime="20230613 14:49:45.918"/>
</kw>
<kw name="Click Element" library="SeleniumLibrary">
<arg>dt_login_button</arg>
<doc>Click the element identified by ``locator``.</doc>
<msg timestamp="20230613 14:49:45.918" level="INFO">Clicking element 'dt_login_button'.</msg>
<status status="PASS" starttime="20230613 14:49:45.918" endtime="20230613 14:49:48.758"/>
</kw>
<kw name="Wait Until Page Contains Element" library="SeleniumLibrary">
<arg>txtEmail</arg>
<arg>10</arg>
<doc>Waits until the element ``locator`` appears on the current page.</doc>
<status status="PASS" starttime="20230613 14:49:48.758" endtime="20230613 14:49:48.777"/>
</kw>
<kw name="Input Text" library="SeleniumLibrary">
<arg>txtEmail</arg>
<arg>johanan@besquare.com.my</arg>
<doc>Types the given ``text`` into the text field identified by ``locator``.</doc>
<msg timestamp="20230613 14:49:48.778" level="INFO">Typing text 'johanan@besquare.com.my' into text field 'txtEmail'.</msg>
<status status="PASS" starttime="20230613 14:49:48.777" endtime="20230613 14:49:48.844"/>
</kw>
<kw name="Input Password" library="SeleniumLibrary">
<arg>txtPass</arg>
<arg>Hello12345...</arg>
<doc>Types the given password into the text field identified by ``locator``.</doc>
<msg timestamp="20230613 14:49:48.844" level="INFO">Typing password into text field 'txtPass'.</msg>
<msg timestamp="20230613 14:49:48.872" level="INFO">Temporally setting log level to: NONE</msg>
<msg timestamp="20230613 14:49:48.900" level="INFO">Log level changed from NONE to INFO.</msg>
<status status="PASS" starttime="20230613 14:49:48.844" endtime="20230613 14:49:48.900"/>
</kw>
<kw name="Click Element" library="SeleniumLibrary">
<arg>//button[@name="login"]</arg>
<doc>Click the element identified by ``locator``.</doc>
<msg timestamp="20230613 14:49:48.900" level="INFO">Clicking element '//button[@name="login"]'.</msg>
<status status="PASS" starttime="20230613 14:49:48.900" endtime="20230613 14:49:52.601"/>
</kw>
<kw name="Wait Until Element Is Visible" library="SeleniumLibrary">
<arg>${account}</arg>
<arg>10</arg>
<doc>Waits until the element ``locator`` is visible.</doc>
<status status="PASS" starttime="20230613 14:49:52.601" endtime="20230613 14:49:52.629"/>
</kw>
<kw name="Click Element" library="SeleniumLibrary">
<arg>${account}</arg>
<doc>Click the element identified by ``locator``.</doc>
<msg timestamp="20230613 14:49:52.630" level="INFO">Clicking element '//a[@class="trading-hub-header__setting"]'.</msg>
<status status="PASS" starttime="20230613 14:49:52.629" endtime="20230613 14:49:52.751"/>
</kw>
<kw name="Wait Until Element Is Visible" library="SeleniumLibrary">
<arg>${account_closing}</arg>
<arg>10</arg>
<doc>Waits until the element ``locator`` is visible.</doc>
<status status="PASS" starttime="20230613 14:49:52.752" endtime="20230613 14:49:53.968"/>
</kw>
<kw name="Click Element" library="SeleniumLibrary">
<arg>${account_closing}</arg>
<doc>Click the element identified by ``locator``.</doc>
<msg timestamp="20230613 14:49:53.970" level="INFO">Clicking element '//a[@href="/account/closing-account"]'.</msg>
<status status="PASS" starttime="20230613 14:49:53.968" endtime="20230613 14:49:54.087"/>
</kw>
<kw name="Wait Until Element Is Visible" library="SeleniumLibrary">
<arg>${close_btn}</arg>
<arg>10</arg>
<doc>Waits until the element ``locator`` is visible.</doc>
<status status="PASS" starttime="20230613 14:49:54.087" endtime="20230613 14:49:54.115"/>
</kw>
<kw name="Click Element" library="SeleniumLibrary">
<arg>${close_btn}</arg>
<doc>Click the element identified by ``locator``.</doc>
<msg timestamp="20230613 14:49:54.116" level="INFO">Clicking element '//button[@class="dc-btn dc-btn--primary dc-btn__large closing-account__button--close-account"]'.</msg>
<status status="PASS" starttime="20230613 14:49:54.116" endtime="20230613 14:49:54.209"/>
</kw>
<kw name="Wait Until Element Is Visible" library="SeleniumLibrary">
<arg>${checkbox_1}</arg>
<arg>10</arg>
<doc>Waits until the element ``locator`` is visible.</doc>
<status status="PASS" starttime="20230613 14:49:54.209" endtime="20230613 14:49:54.234"/>
</kw>
<kw name="Click Element" library="SeleniumLibrary">
<arg>${checkbox_1}</arg>
<doc>Click the element identified by ``locator``.</doc>
<msg timestamp="20230613 14:49:54.235" level="INFO">Clicking element '//*[@name="financial-priorities"]//parent::label'.</msg>
<status status="PASS" starttime="20230613 14:49:54.234" endtime="20230613 14:49:54.284"/>
</kw>
<kw name="Wait Until Element Is Visible" library="SeleniumLibrary">
<arg>${checkbox_2}</arg>
<arg>10</arg>
<doc>Waits until the element ``locator`` is visible.</doc>
<status status="PASS" starttime="20230613 14:49:54.284" endtime="20230613 14:49:54.309"/>
</kw>
<kw name="Click Element" library="SeleniumLibrary">
<arg>${checkbox_2}</arg>
<doc>Click the element identified by ``locator``.</doc>
<msg timestamp="20230613 14:49:54.311" level="INFO">Clicking element '//*[@name="not-user-friendly"]//parent::label'.</msg>
<status status="PASS" starttime="20230613 14:49:54.310" endtime="20230613 14:49:54.355"/>
</kw>
<kw name="Wait Until Element Is Visible" library="SeleniumLibrary">
<arg>${continue_btn}</arg>
<arg>10</arg>
<doc>Waits until the element ``locator`` is visible.</doc>
<status status="PASS" starttime="20230613 14:49:54.355" endtime="20230613 14:49:54.370"/>
</kw>
<kw name="Click Element" library="SeleniumLibrary">
<arg>${continue_btn}</arg>
<doc>Click the element identified by ``locator``.</doc>
<msg timestamp="20230613 14:49:54.371" level="INFO">Clicking element '//button[@class="dc-btn dc-btn__effect dc-btn--primary dc-btn__large"]'.</msg>
<status status="PASS" starttime="20230613 14:49:54.371" endtime="20230613 14:49:54.454"/>
</kw>
<kw name="Page Should Contain Element" library="SeleniumLibrary">
<arg>${prompt_message}</arg>
<arg>10</arg>
<doc>Verifies that element ``locator`` is found on the current page.</doc>
<msg timestamp="20230613 14:49:54.470" level="INFO">Current page contains element '//span[@class="dc-text account-closure-warning-modal__warning-message"]'.</msg>
<status status="PASS" starttime="20230613 14:49:54.454" endtime="20230613 14:49:54.470"/>
</kw>
<kw name="Click Element" library="SeleniumLibrary">
<arg>${prompt_message}</arg>
<doc>Click the element identified by ``locator``.</doc>
<msg timestamp="20230613 14:49:54.470" level="INFO">Clicking element '//span[@class="dc-text account-closure-warning-modal__warning-message"]'.</msg>
<status status="PASS" starttime="20230613 14:49:54.470" endtime="20230613 14:49:54.741"/>
</kw>
<kw name="Wait Until Element Is Visible" library="SeleniumLibrary">
<arg>${back_account_btn}</arg>
<arg>10</arg>
<doc>Waits until the element ``locator`` is visible.</doc>
<status status="PASS" starttime="20230613 14:49:54.742" endtime="20230613 14:49:54.780"/>
</kw>
<kw name="Click Element" library="SeleniumLibrary">
<arg>${back_account_btn}</arg>
<doc>Click the element identified by ``locator``.</doc>
<msg timestamp="20230613 14:49:54.781" level="INFO">Clicking element '//*[@class="dc-form-submit-button account-closure-warning-modal__close-account-button dc-form-submit-button--relative"]/button[1]'.</msg>
<status status="PASS" starttime="20230613 14:49:54.780" endtime="20230613 14:49:54.826"/>
</kw>
<kw name="Wait Until Element Is Visible" library="SeleniumLibrary">
<arg>${checkbox_4}</arg>
<arg>10</arg>
<doc>Waits until the element ``locator`` is visible.</doc>
<status status="PASS" starttime="20230613 14:49:54.826" endtime="20230613 14:49:54.845"/>
</kw>
<kw name="Click Element" library="SeleniumLibrary">
<arg>${checkbox_4}</arg>
<doc>Click the element identified by ``locator``.</doc>
<msg timestamp="20230613 14:49:54.846" level="INFO">Clicking element '//*[@name="other-reasons"]//parent::label'.</msg>
<status status="PASS" starttime="20230613 14:49:54.846" endtime="20230613 14:49:55.143"/>
</kw>
<kw name="Wait Until Element Is Visible" library="SeleniumLibrary">
<arg>${text_area}</arg>
<arg>10</arg>
<doc>Waits until the element ``locator`` is visible.</doc>
<status status="PASS" starttime="20230613 14:49:55.143" endtime="20230613 14:49:55.168"/>
</kw>
<kw name="Input Text" library="SeleniumLibrary">
<arg>${text_area}</arg>
<arg>Editing more information</arg>
<doc>Types the given ``text`` into the text field identified by ``locator``.</doc>
<msg timestamp="20230613 14:49:55.169" level="INFO">Typing text 'Editing more information' into text field '//textarea[@name="other_trading_platforms"]'.</msg>
<status status="PASS" starttime="20230613 14:49:55.168" endtime="20230613 14:49:55.350"/>
</kw>
<kw name="Sleep" library="BuiltIn">
<arg>20</arg>
<doc>Pauses the test executed for the given time.</doc>
<msg timestamp="20230613 14:50:15.351" level="INFO">Slept 20 seconds</msg>
<status status="PASS" starttime="20230613 14:49:55.351" endtime="20230613 14:50:15.351"/>
</kw>
<status status="PASS" starttime="20230613 14:49:41.646" endtime="20230613 14:50:15.352"/>
</test>
<doc>Close Account</doc>
<status status="PASS" starttime="20230613 14:49:41.564" endtime="20230613 14:50:15.353"/>
</suite>
<statistics>
<total>
<stat pass="1" fail="0" skip="0">All Tests</stat>
</total>
<tag>
</tag>
<suite>
<stat pass="1" fail="0" skip="0" id="s1" name="TC05">TC05</stat>
</suite>
</statistics>
<errors>
</errors>
</robot>
