<?xml version="1.0" encoding="UTF-8"?>
<robot generator="Robot 6.0.2 (Python 3.10.6 on linux)" generated="20230613 16:09:57.799" rpa="false" schemaversion="3">
<suite id="s1" name="TC01" source="/home/johanan/Desktop/besquare_2023/besquare_2023/Project2/TC01/TC01.robot">
<test id="s1-t1" name="TC01 Close Account by selecting up to 1 reason" line="17">
<kw name="Open Browser" library="SeleniumLibrary">
<arg>https://app.deriv.com</arg>
<arg>chrome</arg>
<doc>Opens a new browser instance to the optional ``url``.</doc>
<msg timestamp="20230613 16:09:57.883" level="INFO">Opening browser 'chrome' to base url 'https://app.deriv.com'.</msg>
<status status="PASS" starttime="20230613 16:09:57.882" endtime="20230613 16:10:00.759"/>
</kw>
<kw name="Maximize Browser Window" library="SeleniumLibrary">
<doc>Maximizes current browser window.</doc>
<status status="PASS" starttime="20230613 16:10:00.759" endtime="20230613 16:10:00.865"/>
</kw>
<kw name="Wait Until Page Contains Element" library="SeleniumLibrary">
<arg>dt_login_button</arg>
<arg>10</arg>
<doc>Waits until the element ``locator`` appears on the current page.</doc>
<status status="PASS" starttime="20230613 16:10:00.865" endtime="20230613 16:10:00.898"/>
</kw>
<kw name="Click Element" library="SeleniumLibrary">
<arg>dt_login_button</arg>
<doc>Click the element identified by ``locator``.</doc>
<msg timestamp="20230613 16:10:00.900" level="INFO">Clicking element 'dt_login_button'.</msg>
<status status="PASS" starttime="20230613 16:10:00.899" endtime="20230613 16:10:03.889"/>
</kw>
<kw name="Wait Until Page Contains Element" library="SeleniumLibrary">
<arg>txtEmail</arg>
<arg>10</arg>
<doc>Waits until the element ``locator`` appears on the current page.</doc>
<status status="PASS" starttime="20230613 16:10:03.889" endtime="20230613 16:10:03.900"/>
</kw>
<kw name="Input Text" library="SeleniumLibrary">
<arg>txtEmail</arg>
<arg>johanan@besquare.com.my</arg>
<doc>Types the given ``text`` into the text field identified by ``locator``.</doc>
<msg timestamp="20230613 16:10:03.901" level="INFO">Typing text 'johanan@besquare.com.my' into text field 'txtEmail'.</msg>
<status status="PASS" starttime="20230613 16:10:03.900" endtime="20230613 16:10:03.974"/>
</kw>
<kw name="Input Password" library="SeleniumLibrary">
<arg>txtPass</arg>
<arg>Hello12345...</arg>
<doc>Types the given password into the text field identified by ``locator``.</doc>
<msg timestamp="20230613 16:10:03.974" level="INFO">Typing password into text field 'txtPass'.</msg>
<msg timestamp="20230613 16:10:04.004" level="INFO">Temporally setting log level to: NONE</msg>
<msg timestamp="20230613 16:10:04.042" level="INFO">Log level changed from NONE to INFO.</msg>
<status status="PASS" starttime="20230613 16:10:03.974" endtime="20230613 16:10:04.043"/>
</kw>
<kw name="Click Element" library="SeleniumLibrary">
<arg>//button[@name="login"]</arg>
<doc>Click the element identified by ``locator``.</doc>
<msg timestamp="20230613 16:10:04.044" level="INFO">Clicking element '//button[@name="login"]'.</msg>
<status status="PASS" starttime="20230613 16:10:04.043" endtime="20230613 16:10:06.103"/>
</kw>
<kw name="Wait Until Element Is Visible" library="SeleniumLibrary">
<arg>${account}</arg>
<arg>10</arg>
<doc>Waits until the element ``locator`` is visible.</doc>
<status status="PASS" starttime="20230613 16:10:06.103" endtime="20230613 16:10:06.777"/>
</kw>
<kw name="Click Element" library="SeleniumLibrary">
<arg>${account}</arg>
<doc>Click the element identified by ``locator``.</doc>
<msg timestamp="20230613 16:10:06.778" level="INFO">Clicking element '//a[@class="trading-hub-header__setting"]'.</msg>
<status status="PASS" starttime="20230613 16:10:06.777" endtime="20230613 16:10:06.898"/>
</kw>
<kw name="Wait Until Element Is Visible" library="SeleniumLibrary">
<arg>${account_closing}</arg>
<arg>10</arg>
<doc>Waits until the element ``locator`` is visible.</doc>
<status status="PASS" starttime="20230613 16:10:06.898" endtime="20230613 16:10:08.319"/>
</kw>
<kw name="Click Element" library="SeleniumLibrary">
<arg>${account_closing}</arg>
<doc>Click the element identified by ``locator``.</doc>
<msg timestamp="20230613 16:10:08.319" level="INFO">Clicking element '//a[@href="/account/closing-account"]'.</msg>
<status status="PASS" starttime="20230613 16:10:08.319" endtime="20230613 16:10:08.427"/>
</kw>
<kw name="Wait Until Element Is Visible" library="SeleniumLibrary">
<arg>${close_btn}</arg>
<arg>10</arg>
<doc>Waits until the element ``locator`` is visible.</doc>
<status status="PASS" starttime="20230613 16:10:08.427" endtime="20230613 16:10:08.456"/>
</kw>
<kw name="Click Element" library="SeleniumLibrary">
<arg>${close_btn}</arg>
<doc>Click the element identified by ``locator``.</doc>
<msg timestamp="20230613 16:10:08.457" level="INFO">Clicking element '//button[@class="dc-btn dc-btn--primary dc-btn__large closing-account__button--close-account"]'.</msg>
<status status="PASS" starttime="20230613 16:10:08.456" endtime="20230613 16:10:08.527"/>
</kw>
<kw name="Wait Until Element Is Visible" library="SeleniumLibrary">
<arg>${checkbox_1}</arg>
<arg>10</arg>
<doc>Waits until the element ``locator`` is visible.</doc>
<status status="PASS" starttime="20230613 16:10:08.527" endtime="20230613 16:10:08.556"/>
</kw>
<kw name="Click Element" library="SeleniumLibrary">
<arg>${checkbox_1}</arg>
<doc>Click the element identified by ``locator``.</doc>
<msg timestamp="20230613 16:10:08.558" level="INFO">Clicking element '//*[@name="financial-priorities"]//parent::label'.</msg>
<status status="PASS" starttime="20230613 16:10:08.557" endtime="20230613 16:10:08.629"/>
</kw>
<kw name="Wait Until Element Is Visible" library="SeleniumLibrary">
<arg>${continue_btn}</arg>
<arg>10</arg>
<doc>Waits until the element ``locator`` is visible.</doc>
<status status="PASS" starttime="20230613 16:10:08.629" endtime="20230613 16:10:08.655"/>
</kw>
<kw name="Click Element" library="SeleniumLibrary">
<arg>${continue_btn}</arg>
<doc>Click the element identified by ``locator``.</doc>
<msg timestamp="20230613 16:10:08.656" level="INFO">Clicking element '//button[@class="dc-btn dc-btn__effect dc-btn--primary dc-btn__large"]'.</msg>
<status status="PASS" starttime="20230613 16:10:08.655" endtime="20230613 16:10:08.719"/>
</kw>
<kw name="Page Should Contain Element" library="SeleniumLibrary">
<arg>${prompt_message}</arg>
<arg>10</arg>
<doc>Verifies that element ``locator`` is found on the current page.</doc>
<msg timestamp="20230613 16:10:08.733" level="INFO">Current page contains element '//span[@class="dc-text account-closure-warning-modal__warning-message"]'.</msg>
<status status="PASS" starttime="20230613 16:10:08.720" endtime="20230613 16:10:08.733"/>
</kw>
<kw name="Click Element" library="SeleniumLibrary">
<arg>${prompt_message}</arg>
<doc>Click the element identified by ``locator``.</doc>
<msg timestamp="20230613 16:10:08.734" level="INFO">Clicking element '//span[@class="dc-text account-closure-warning-modal__warning-message"]'.</msg>
<status status="PASS" starttime="20230613 16:10:08.733" endtime="20230613 16:10:09.030"/>
</kw>
<kw name="Sleep" library="BuiltIn">
<arg>20</arg>
<doc>Pauses the test executed for the given time.</doc>
<msg timestamp="20230613 16:10:29.031" level="INFO">Slept 20 seconds</msg>
<status status="PASS" starttime="20230613 16:10:09.030" endtime="20230613 16:10:29.031"/>
</kw>
<status status="PASS" starttime="20230613 16:09:57.882" endtime="20230613 16:10:29.032"/>
</test>
<doc>Close Account</doc>
<status status="PASS" starttime="20230613 16:09:57.800" endtime="20230613 16:10:29.033"/>
</suite>
<statistics>
<total>
<stat pass="1" fail="0" skip="0">All Tests</stat>
</total>
<tag>
</tag>
<suite>
<stat pass="1" fail="0" skip="0" id="s1" name="TC01">TC01</stat>
</suite>
</statistics>
<errors>
</errors>
</robot>
