<?xml version="1.0" encoding="UTF-8"?>
<robot generator="Robot 6.0.2 (Python 3.10.6 on linux)" generated="20230613 14:03:59.170" rpa="false" schemaversion="3">
<suite id="s1" name="TC04" source="/home/johanan/Desktop/besquare_2023/besquare_2023/Project2/TC04/TC04.robot">
<test id="s1-t1" name="TC02 User includes more than 110 characters in the text box field" line="12">
<kw name="Open Browser" library="SeleniumLibrary">
<arg>https://app.deriv.com</arg>
<arg>chrome</arg>
<doc>Opens a new browser instance to the optional ``url``.</doc>
<msg timestamp="20230613 14:03:59.254" level="INFO">Opening browser 'chrome' to base url 'https://app.deriv.com'.</msg>
<status status="PASS" starttime="20230613 14:03:59.254" endtime="20230613 14:04:02.605"/>
</kw>
<kw name="Maximize Browser Window" library="SeleniumLibrary">
<doc>Maximizes current browser window.</doc>
<status status="PASS" starttime="20230613 14:04:02.606" endtime="20230613 14:04:02.709"/>
</kw>
<kw name="Wait Until Page Contains Element" library="SeleniumLibrary">
<arg>dt_login_button</arg>
<arg>10</arg>
<doc>Waits until the element ``locator`` appears on the current page.</doc>
<status status="PASS" starttime="20230613 14:04:02.709" endtime="20230613 14:04:02.803"/>
</kw>
<kw name="Click Element" library="SeleniumLibrary">
<arg>dt_login_button</arg>
<doc>Click the element identified by ``locator``.</doc>
<msg timestamp="20230613 14:04:02.804" level="INFO">Clicking element 'dt_login_button'.</msg>
<status status="PASS" starttime="20230613 14:04:02.803" endtime="20230613 14:04:06.082"/>
</kw>
<kw name="Wait Until Page Contains Element" library="SeleniumLibrary">
<arg>txtEmail</arg>
<arg>10</arg>
<doc>Waits until the element ``locator`` appears on the current page.</doc>
<status status="PASS" starttime="20230613 14:04:06.082" endtime="20230613 14:04:06.099"/>
</kw>
<kw name="Input Text" library="SeleniumLibrary">
<arg>txtEmail</arg>
<arg>johanan@besquare.com.my</arg>
<doc>Types the given ``text`` into the text field identified by ``locator``.</doc>
<msg timestamp="20230613 14:04:06.100" level="INFO">Typing text 'johanan@besquare.com.my' into text field 'txtEmail'.</msg>
<status status="PASS" starttime="20230613 14:04:06.099" endtime="20230613 14:04:06.168"/>
</kw>
<kw name="Input Password" library="SeleniumLibrary">
<arg>txtPass</arg>
<arg>Hello12345...</arg>
<doc>Types the given password into the text field identified by ``locator``.</doc>
<msg timestamp="20230613 14:04:06.169" level="INFO">Typing password into text field 'txtPass'.</msg>
<msg timestamp="20230613 14:04:06.196" level="INFO">Temporally setting log level to: NONE</msg>
<msg timestamp="20230613 14:04:06.223" level="INFO">Log level changed from NONE to INFO.</msg>
<status status="PASS" starttime="20230613 14:04:06.168" endtime="20230613 14:04:06.223"/>
</kw>
<kw name="Click Element" library="SeleniumLibrary">
<arg>//button[@name="login"]</arg>
<doc>Click the element identified by ``locator``.</doc>
<msg timestamp="20230613 14:04:06.224" level="INFO">Clicking element '//button[@name="login"]'.</msg>
<status status="PASS" starttime="20230613 14:04:06.223" endtime="20230613 14:04:08.589"/>
</kw>
<kw name="Wait Until Element Is Visible" library="SeleniumLibrary">
<arg>${account}</arg>
<arg>10</arg>
<doc>Waits until the element ``locator`` is visible.</doc>
<status status="PASS" starttime="20230613 14:04:08.589" endtime="20230613 14:04:09.105"/>
</kw>
<kw name="Click Element" library="SeleniumLibrary">
<arg>${account}</arg>
<doc>Click the element identified by ``locator``.</doc>
<msg timestamp="20230613 14:04:09.106" level="INFO">Clicking element '//a[@class="trading-hub-header__setting"]'.</msg>
<status status="PASS" starttime="20230613 14:04:09.105" endtime="20230613 14:04:09.204"/>
</kw>
<kw name="Wait Until Element Is Visible" library="SeleniumLibrary">
<arg>${account_closing}</arg>
<arg>10</arg>
<doc>Waits until the element ``locator`` is visible.</doc>
<status status="PASS" starttime="20230613 14:04:09.205" endtime="20230613 14:04:10.063"/>
</kw>
<kw name="Click Element" library="SeleniumLibrary">
<arg>${account_closing}</arg>
<doc>Click the element identified by ``locator``.</doc>
<msg timestamp="20230613 14:04:10.064" level="INFO">Clicking element '//a[@href="/account/closing-account"]'.</msg>
<status status="PASS" starttime="20230613 14:04:10.063" endtime="20230613 14:04:10.158"/>
</kw>
<kw name="Wait Until Element Is Visible" library="SeleniumLibrary">
<arg>${close_btn}</arg>
<arg>10</arg>
<doc>Waits until the element ``locator`` is visible.</doc>
<status status="PASS" starttime="20230613 14:04:10.158" endtime="20230613 14:04:10.187"/>
</kw>
<kw name="Click Element" library="SeleniumLibrary">
<arg>${close_btn}</arg>
<doc>Click the element identified by ``locator``.</doc>
<msg timestamp="20230613 14:04:10.188" level="INFO">Clicking element '//button[@class="dc-btn dc-btn--primary dc-btn__large closing-account__button--close-account"]'.</msg>
<status status="PASS" starttime="20230613 14:04:10.187" endtime="20230613 14:04:10.275"/>
</kw>
<kw name="Wait Until Element Is Visible" library="SeleniumLibrary">
<arg>${character_input}</arg>
<arg>10</arg>
<doc>Waits until the element ``locator`` is visible.</doc>
<status status="PASS" starttime="20230613 14:04:10.275" endtime="20230613 14:04:10.296"/>
</kw>
<kw name="Input Text" library="SeleniumLibrary">
<arg>${character_input}</arg>
<arg>HIneijbewifbwiuefbwebwubwubwbwbwnkwcnkwnckwjcnknwcnnwkebeiwwwcwkjcnwjkcnwjnckwcnwncnwnckwncjwncjwncjwncnwjcnwj</arg>
<doc>Types the given ``text`` into the text field identified by ``locator``.</doc>
<msg timestamp="20230613 14:04:10.297" level="INFO">Typing text 'HIneijbewifbwiuefbwebwubwubwbwbwnkwcnkwnckwjcnknwcnnwkebeiwwwcwkjcnwjkcnwjnckwcnwncnwnckwncjwncjwncjwncnwjcnwj' into text field '//textarea[@name="do_to_improve"]'.</msg>
<status status="PASS" starttime="20230613 14:04:10.297" endtime="20230613 14:04:10.743"/>
</kw>
<kw name="Sleep" library="BuiltIn">
<arg>20</arg>
<doc>Pauses the test executed for the given time.</doc>
<msg timestamp="20230613 14:04:30.744" level="INFO">Slept 20 seconds</msg>
<status status="PASS" starttime="20230613 14:04:10.744" endtime="20230613 14:04:30.744"/>
</kw>
<status status="PASS" starttime="20230613 14:03:59.253" endtime="20230613 14:04:30.745"/>
</test>
<doc>Close Account</doc>
<status status="PASS" starttime="20230613 14:03:59.171" endtime="20230613 14:04:30.746"/>
</suite>
<statistics>
<total>
<stat pass="1" fail="0" skip="0">All Tests</stat>
</total>
<tag>
</tag>
<suite>
<stat pass="1" fail="0" skip="0" id="s1" name="TC04">TC04</stat>
</suite>
</statistics>
<errors>
</errors>
</robot>
