<?xml version="1.0" encoding="UTF-8"?>
<robot generator="Robot 6.0.2 (Python 3.10.6 on linux)" generated="20230613 12:13:02.584" rpa="false" schemaversion="3">
<suite id="s1" name="Project2" source="/home/johanan/Desktop/besquare_2023/besquare_2023/Project2/project2.robot">
<test id="s1-t1" name="TC01 Close Account by selecting up to 1 reason" line="17">
<kw name="Open Browser" library="SeleniumLibrary">
<arg>https://app.deriv.com</arg>
<arg>chrome</arg>
<doc>Opens a new browser instance to the optional ``url``.</doc>
<msg timestamp="20230613 12:13:02.669" level="INFO">Opening browser 'chrome' to base url 'https://app.deriv.com'.</msg>
<status status="PASS" starttime="20230613 12:13:02.668" endtime="20230613 12:13:10.153"/>
</kw>
<kw name="Maximize Browser Window" library="SeleniumLibrary">
<doc>Maximizes current browser window.</doc>
<status status="PASS" starttime="20230613 12:13:10.153" endtime="20230613 12:13:10.296"/>
</kw>
<kw name="Wait Until Page Contains Element" library="SeleniumLibrary">
<arg>dt_login_button</arg>
<arg>10</arg>
<doc>Waits until the element ``locator`` appears on the current page.</doc>
<status status="PASS" starttime="20230613 12:13:10.296" endtime="20230613 12:13:10.369"/>
</kw>
<kw name="Click Element" library="SeleniumLibrary">
<arg>dt_login_button</arg>
<doc>Click the element identified by ``locator``.</doc>
<msg timestamp="20230613 12:13:10.371" level="INFO">Clicking element 'dt_login_button'.</msg>
<status status="PASS" starttime="20230613 12:13:10.369" endtime="20230613 12:13:13.971"/>
</kw>
<kw name="Wait Until Page Contains Element" library="SeleniumLibrary">
<arg>txtEmail</arg>
<arg>10</arg>
<doc>Waits until the element ``locator`` appears on the current page.</doc>
<status status="PASS" starttime="20230613 12:13:13.972" endtime="20230613 12:13:13.989"/>
</kw>
<kw name="Input Text" library="SeleniumLibrary">
<arg>txtEmail</arg>
<arg>johanan@besquare.com.my</arg>
<doc>Types the given ``text`` into the text field identified by ``locator``.</doc>
<msg timestamp="20230613 12:13:13.990" level="INFO">Typing text 'johanan@besquare.com.my' into text field 'txtEmail'.</msg>
<status status="PASS" starttime="20230613 12:13:13.990" endtime="20230613 12:13:14.060"/>
</kw>
<kw name="Input Password" library="SeleniumLibrary">
<arg>txtPass</arg>
<arg>Hello12345...</arg>
<doc>Types the given password into the text field identified by ``locator``.</doc>
<msg timestamp="20230613 12:13:14.060" level="INFO">Typing password into text field 'txtPass'.</msg>
<msg timestamp="20230613 12:13:14.087" level="INFO">Temporally setting log level to: NONE</msg>
<msg timestamp="20230613 12:13:14.115" level="INFO">Log level changed from NONE to INFO.</msg>
<status status="PASS" starttime="20230613 12:13:14.060" endtime="20230613 12:13:14.115"/>
</kw>
<kw name="Click Element" library="SeleniumLibrary">
<arg>//button[@name="login"]</arg>
<doc>Click the element identified by ``locator``.</doc>
<msg timestamp="20230613 12:13:14.116" level="INFO">Clicking element '//button[@name="login"]'.</msg>
<status status="PASS" starttime="20230613 12:13:14.115" endtime="20230613 12:13:18.080"/>
</kw>
<kw name="Wait Until Element Is Visible" library="SeleniumLibrary">
<arg>${account}</arg>
<arg>10</arg>
<doc>Waits until the element ``locator`` is visible.</doc>
<status status="PASS" starttime="20230613 12:13:18.080" endtime="20230613 12:13:18.110"/>
</kw>
<kw name="Click Element" library="SeleniumLibrary">
<arg>${account}</arg>
<doc>Click the element identified by ``locator``.</doc>
<msg timestamp="20230613 12:13:18.112" level="INFO">Clicking element '//a[@class="trading-hub-header__setting"]'.</msg>
<status status="PASS" starttime="20230613 12:13:18.111" endtime="20230613 12:13:18.213"/>
</kw>
<kw name="Wait Until Element Is Visible" library="SeleniumLibrary">
<arg>${account_closing}</arg>
<arg>10</arg>
<doc>Waits until the element ``locator`` is visible.</doc>
<status status="PASS" starttime="20230613 12:13:18.214" endtime="20230613 12:13:20.155"/>
</kw>
<kw name="Click Element" library="SeleniumLibrary">
<arg>${account_closing}</arg>
<doc>Click the element identified by ``locator``.</doc>
<msg timestamp="20230613 12:13:20.156" level="INFO">Clicking element '//a[@href="/account/closing-account"]'.</msg>
<status status="PASS" starttime="20230613 12:13:20.155" endtime="20230613 12:13:20.266"/>
</kw>
<kw name="Wait Until Element Is Visible" library="SeleniumLibrary">
<arg>${close_btn}</arg>
<arg>10</arg>
<doc>Waits until the element ``locator`` is visible.</doc>
<status status="PASS" starttime="20230613 12:13:20.266" endtime="20230613 12:13:20.301"/>
</kw>
<kw name="Click Element" library="SeleniumLibrary">
<arg>${close_btn}</arg>
<doc>Click the element identified by ``locator``.</doc>
<msg timestamp="20230613 12:13:20.302" level="INFO">Clicking element '//button[@class="dc-btn dc-btn--primary dc-btn__large closing-account__button--close-account"]'.</msg>
<status status="PASS" starttime="20230613 12:13:20.301" endtime="20230613 12:13:20.350"/>
</kw>
<kw name="Wait Until Element Is Visible" library="SeleniumLibrary">
<arg>${checkbox_1}</arg>
<arg>10</arg>
<doc>Waits until the element ``locator`` is visible.</doc>
<status status="PASS" starttime="20230613 12:13:20.350" endtime="20230613 12:13:20.369"/>
</kw>
<kw name="Click Element" library="SeleniumLibrary">
<arg>${checkbox_1}</arg>
<doc>Click the element identified by ``locator``.</doc>
<msg timestamp="20230613 12:13:20.370" level="INFO">Clicking element '//*[@name="financial-priorities"]//parent::label'.</msg>
<status status="PASS" starttime="20230613 12:13:20.369" endtime="20230613 12:13:20.417"/>
</kw>
<kw name="Wait Until Element Is Visible" library="SeleniumLibrary">
<arg>${continue_btn}</arg>
<arg>10</arg>
<doc>Waits until the element ``locator`` is visible.</doc>
<status status="PASS" starttime="20230613 12:13:20.417" endtime="20230613 12:13:20.440"/>
</kw>
<kw name="Click Element" library="SeleniumLibrary">
<arg>${continue_btn}</arg>
<doc>Click the element identified by ``locator``.</doc>
<msg timestamp="20230613 12:13:20.441" level="INFO">Clicking element '//button[@class="dc-btn dc-btn__effect dc-btn--primary dc-btn__large"]'.</msg>
<status status="PASS" starttime="20230613 12:13:20.441" endtime="20230613 12:13:20.517"/>
</kw>
<kw name="Page Should Contain Element" library="SeleniumLibrary">
<arg>${prompt_message}</arg>
<arg>10</arg>
<doc>Verifies that element ``locator`` is found on the current page.</doc>
<msg timestamp="20230613 12:13:20.533" level="INFO">Current page contains element '//span[@class="dc-text account-closure-warning-modal__warning-message"]'.</msg>
<status status="PASS" starttime="20230613 12:13:20.517" endtime="20230613 12:13:20.533"/>
</kw>
<kw name="Click Element" library="SeleniumLibrary">
<arg>${prompt_message}</arg>
<doc>Click the element identified by ``locator``.</doc>
<msg timestamp="20230613 12:13:20.534" level="INFO">Clicking element '//span[@class="dc-text account-closure-warning-modal__warning-message"]'.</msg>
<status status="PASS" starttime="20230613 12:13:20.533" endtime="20230613 12:13:20.783"/>
</kw>
<kw name="Wait Until Element Is Visible" library="SeleniumLibrary">
<arg>${close_account_btn}</arg>
<arg>10</arg>
<doc>Waits until the element ``locator`` is visible.</doc>
<status status="PASS" starttime="20230613 12:13:20.783" endtime="20230613 12:13:20.804"/>
</kw>
<kw name="Click Element" library="SeleniumLibrary">
<arg>${close_account_btn}</arg>
<doc>Click the element identified by ``locator``.</doc>
<msg timestamp="20230613 12:13:20.805" level="INFO">Clicking element '//*[@class="dc-form-submit-button account-closure-warning-modal__close-account-button dc-form-submit-button--relative"]/button[2]'.</msg>
<status status="PASS" starttime="20230613 12:13:20.805" endtime="20230613 12:13:20.853"/>
</kw>
<kw name="Sleep" library="BuiltIn">
<arg>20</arg>
<doc>Pauses the test executed for the given time.</doc>
<msg timestamp="20230613 12:13:40.853" level="INFO">Slept 20 seconds</msg>
<status status="PASS" starttime="20230613 12:13:20.853" endtime="20230613 12:13:40.853"/>
</kw>
<status status="PASS" starttime="20230613 12:13:02.668" endtime="20230613 12:13:40.854"/>
</test>
<test id="s1-t2" name="TC02 Close Account by selecting up to 3 reasons and including a specific reason" line="43">
<kw name="Open Browser" library="SeleniumLibrary">
<arg>https://app.deriv.com</arg>
<arg>chrome</arg>
<doc>Opens a new browser instance to the optional ``url``.</doc>
<msg timestamp="20230613 12:13:40.855" level="INFO">Opening browser 'chrome' to base url 'https://app.deriv.com'.</msg>
<status status="PASS" starttime="20230613 12:13:40.855" endtime="20230613 12:13:47.143"/>
</kw>
<kw name="Maximize Browser Window" library="SeleniumLibrary">
<doc>Maximizes current browser window.</doc>
<status status="PASS" starttime="20230613 12:13:47.143" endtime="20230613 12:13:47.248"/>
</kw>
<kw name="Wait Until Page Contains Element" library="SeleniumLibrary">
<arg>dt_login_button</arg>
<arg>10</arg>
<doc>Waits until the element ``locator`` appears on the current page.</doc>
<status status="PASS" starttime="20230613 12:13:47.248" endtime="20230613 12:13:47.343"/>
</kw>
<kw name="Click Element" library="SeleniumLibrary">
<arg>dt_login_button</arg>
<doc>Click the element identified by ``locator``.</doc>
<msg timestamp="20230613 12:13:47.344" level="INFO">Clicking element 'dt_login_button'.</msg>
<status status="PASS" starttime="20230613 12:13:47.343" endtime="20230613 12:13:51.460"/>
</kw>
<kw name="Wait Until Page Contains Element" library="SeleniumLibrary">
<arg>txtEmail</arg>
<arg>10</arg>
<doc>Waits until the element ``locator`` appears on the current page.</doc>
<status status="PASS" starttime="20230613 12:13:51.460" endtime="20230613 12:13:51.479"/>
</kw>
<kw name="Input Text" library="SeleniumLibrary">
<arg>txtEmail</arg>
<arg>johanan@besquare.com.my</arg>
<doc>Types the given ``text`` into the text field identified by ``locator``.</doc>
<msg timestamp="20230613 12:13:51.480" level="INFO">Typing text 'johanan@besquare.com.my' into text field 'txtEmail'.</msg>
<status status="PASS" starttime="20230613 12:13:51.479" endtime="20230613 12:13:51.549"/>
</kw>
<kw name="Input Password" library="SeleniumLibrary">
<arg>txtPass</arg>
<arg>Hello12345...</arg>
<doc>Types the given password into the text field identified by ``locator``.</doc>
<msg timestamp="20230613 12:13:51.550" level="INFO">Typing password into text field 'txtPass'.</msg>
<msg timestamp="20230613 12:13:51.594" level="INFO">Temporally setting log level to: NONE</msg>
<msg timestamp="20230613 12:13:51.626" level="INFO">Log level changed from NONE to INFO.</msg>
<status status="PASS" starttime="20230613 12:13:51.549" endtime="20230613 12:13:51.626"/>
</kw>
<kw name="Click Element" library="SeleniumLibrary">
<arg>//button[@name="login"]</arg>
<doc>Click the element identified by ``locator``.</doc>
<msg timestamp="20230613 12:13:51.626" level="INFO">Clicking element '//button[@name="login"]'.</msg>
<status status="PASS" starttime="20230613 12:13:51.626" endtime="20230613 12:13:52.762"/>
</kw>
<kw name="Wait Until Element Is Visible" library="SeleniumLibrary">
<arg>${account}</arg>
<arg>10</arg>
<doc>Waits until the element ``locator`` is visible.</doc>
<status status="PASS" starttime="20230613 12:13:52.762" endtime="20230613 12:13:59.326"/>
</kw>
<kw name="Click Element" library="SeleniumLibrary">
<arg>${account}</arg>
<doc>Click the element identified by ``locator``.</doc>
<msg timestamp="20230613 12:13:59.326" level="INFO">Clicking element '//a[@class="trading-hub-header__setting"]'.</msg>
<status status="PASS" starttime="20230613 12:13:59.326" endtime="20230613 12:13:59.444"/>
</kw>
<kw name="Wait Until Element Is Visible" library="SeleniumLibrary">
<arg>${account_closing}</arg>
<arg>10</arg>
<doc>Waits until the element ``locator`` is visible.</doc>
<status status="PASS" starttime="20230613 12:13:59.444" endtime="20230613 12:14:02.972"/>
</kw>
<kw name="Click Element" library="SeleniumLibrary">
<arg>${account_closing}</arg>
<doc>Click the element identified by ``locator``.</doc>
<msg timestamp="20230613 12:14:02.973" level="INFO">Clicking element '//a[@href="/account/closing-account"]'.</msg>
<status status="PASS" starttime="20230613 12:14:02.972" endtime="20230613 12:14:03.083"/>
</kw>
<kw name="Wait Until Element Is Visible" library="SeleniumLibrary">
<arg>${close_btn}</arg>
<arg>10</arg>
<doc>Waits until the element ``locator`` is visible.</doc>
<status status="PASS" starttime="20230613 12:14:03.083" endtime="20230613 12:14:03.109"/>
</kw>
<kw name="Click Element" library="SeleniumLibrary">
<arg>${close_btn}</arg>
<doc>Click the element identified by ``locator``.</doc>
<msg timestamp="20230613 12:14:03.110" level="INFO">Clicking element '//button[@class="dc-btn dc-btn--primary dc-btn__large closing-account__button--close-account"]'.</msg>
<status status="PASS" starttime="20230613 12:14:03.110" endtime="20230613 12:14:03.169"/>
</kw>
<kw name="Wait Until Element Is Visible" library="SeleniumLibrary">
<arg>${checkbox_1}</arg>
<arg>10</arg>
<doc>Waits until the element ``locator`` is visible.</doc>
<status status="PASS" starttime="20230613 12:14:03.169" endtime="20230613 12:14:03.192"/>
</kw>
<kw name="Click Element" library="SeleniumLibrary">
<arg>${checkbox_1}</arg>
<doc>Click the element identified by ``locator``.</doc>
<msg timestamp="20230613 12:14:03.193" level="INFO">Clicking element '//*[@name="financial-priorities"]//parent::label'.</msg>
<status status="PASS" starttime="20230613 12:14:03.193" endtime="20230613 12:14:03.245"/>
</kw>
<kw name="Wait Until Element Is Visible" library="SeleniumLibrary">
<arg>${checkbox_2}</arg>
<arg>10</arg>
<doc>Waits until the element ``locator`` is visible.</doc>
<status status="PASS" starttime="20230613 12:14:03.246" endtime="20230613 12:14:03.270"/>
</kw>
<kw name="Click Element" library="SeleniumLibrary">
<arg>${checkbox_2}</arg>
<doc>Click the element identified by ``locator``.</doc>
<msg timestamp="20230613 12:14:03.272" level="INFO">Clicking element '//*[@name="not-user-friendly"]//parent::label'.</msg>
<status status="PASS" starttime="20230613 12:14:03.270" endtime="20230613 12:14:03.328"/>
</kw>
<kw name="Wait Until Element Is Visible" library="SeleniumLibrary">
<arg>${checkbox_3}</arg>
<arg>10</arg>
<doc>Waits until the element ``locator`` is visible.</doc>
<status status="PASS" starttime="20230613 12:14:03.328" endtime="20230613 12:14:03.404"/>
</kw>
<kw name="Click Element" library="SeleniumLibrary">
<arg>${checkbox_3}</arg>
<doc>Click the element identified by ``locator``.</doc>
<msg timestamp="20230613 12:14:03.405" level="INFO">Clicking element '//*[@name="lack-of-features"]//parent::label'.</msg>
<status status="PASS" starttime="20230613 12:14:03.404" endtime="20230613 12:14:03.464"/>
</kw>
<kw name="Wait Until Element Is Visible" library="SeleniumLibrary">
<arg>${continue_btn}</arg>
<arg>10</arg>
<doc>Waits until the element ``locator`` is visible.</doc>
<status status="PASS" starttime="20230613 12:14:03.464" endtime="20230613 12:14:03.489"/>
</kw>
<kw name="Click Element" library="SeleniumLibrary">
<arg>${continue_btn}</arg>
<doc>Click the element identified by ``locator``.</doc>
<msg timestamp="20230613 12:14:03.490" level="INFO">Clicking element '//button[@class="dc-btn dc-btn__effect dc-btn--primary dc-btn__large"]'.</msg>
<status status="PASS" starttime="20230613 12:14:03.490" endtime="20230613 12:14:03.569"/>
</kw>
<kw name="Page Should Contain Element" library="SeleniumLibrary">
<arg>${prompt_message}</arg>
<arg>10</arg>
<doc>Verifies that element ``locator`` is found on the current page.</doc>
<msg timestamp="20230613 12:14:03.589" level="INFO">Current page contains element '//span[@class="dc-text account-closure-warning-modal__warning-message"]'.</msg>
<status status="PASS" starttime="20230613 12:14:03.569" endtime="20230613 12:14:03.589"/>
</kw>
<kw name="Click Element" library="SeleniumLibrary">
<arg>${prompt_message}</arg>
<doc>Click the element identified by ``locator``.</doc>
<msg timestamp="20230613 12:14:03.590" level="INFO">Clicking element '//span[@class="dc-text account-closure-warning-modal__warning-message"]'.</msg>
<status status="PASS" starttime="20230613 12:14:03.589" endtime="20230613 12:14:03.874"/>
</kw>
<kw name="Wait Until Element Is Visible" library="SeleniumLibrary">
<arg>${close_account_btn}</arg>
<arg>10</arg>
<doc>Waits until the element ``locator`` is visible.</doc>
<status status="PASS" starttime="20230613 12:14:03.874" endtime="20230613 12:14:03.896"/>
</kw>
<kw name="Click Element" library="SeleniumLibrary">
<arg>${close_account_btn}</arg>
<doc>Click the element identified by ``locator``.</doc>
<msg timestamp="20230613 12:14:03.897" level="INFO">Clicking element '//*[@class="dc-form-submit-button account-closure-warning-modal__close-account-button dc-form-submit-button--relative"]/button[2]'.</msg>
<status status="PASS" starttime="20230613 12:14:03.896" endtime="20230613 12:14:03.949"/>
</kw>
<kw name="Sleep" library="BuiltIn">
<arg>20</arg>
<doc>Pauses the test executed for the given time.</doc>
<msg timestamp="20230613 12:14:23.950" level="INFO">Slept 20 seconds</msg>
<status status="PASS" starttime="20230613 12:14:03.949" endtime="20230613 12:14:23.950"/>
</kw>
<status status="PASS" starttime="20230613 12:13:40.854" endtime="20230613 12:14:23.950"/>
</test>
<doc>Close Account</doc>
<status status="PASS" starttime="20230613 12:13:02.584" endtime="20230613 12:14:23.952"/>
</suite>
<statistics>
<total>
<stat pass="2" fail="0" skip="0">All Tests</stat>
</total>
<tag>
</tag>
<suite>
<stat pass="2" fail="0" skip="0" id="s1" name="Project2">Project2</stat>
</suite>
</statistics>
<errors>
</errors>
</robot>
